###############################################################################
#
# IAR C/C++ Compiler V10.30.1.6000 for 8051               16/Jul/2020  10:58:56
# Copyright 2004-2018 IAR Systems AB.
# PC-locked license - IAR Embedded Workbench for 8051
#
#    Core               =  plain
#    Code model         =  banked
#    Data model         =  large
#    Calling convention =  xdata reentrant
#    Constant location  =  data_rom
#    Dptr setup         =  1,16
#                          
#    Source file        =  
#        D:\AA\Z-Stack
#        3.0.2\Projects\zstack\HomeAutomation\SampleThermostat\Source\zcl_samplethermostat_data.c
#    Command line       =  
#        -f C:\Users\sunli\AppData\Local\Temp\EWB05D.tmp ("D:\AA\Z-Stack
#        3.0.2\Projects\zstack\HomeAutomation\SampleThermostat\Source\zcl_samplethermostat_data.c"
#        -D ZCL_REPORT_DESTINATION_DEVICE -D BDB_REPORTING -D SECURE=1 -D
#        TC_LINKKEY_JOIN -D NV_INIT -D xNV_RESTORE -D xZTOOL_P1 -D xMT_TASK -D
#        xMT_APP_FUNC -D xMT_SYS_FUNC -D xMT_ZDO_FUNC -D xMT_APP_CNF_FUNC -D
#        LCD_SUPPORTED=DEBUG -D MULTICAST_ENABLED=FALSE -D ZCL_READ -D
#        ZCL_DISCOVER -D ZCL_WRITE -D ZCL_BASIC -D ZCL_IDENTIFY -D ZCL_ON_OFF
#        -D ZCL_HVAC_CLUSTER -D ZCL_GROUPS -lC "D:\AA\Z-Stack
#        3.0.2\Projects\zstack\HomeAutomation\SampleThermostat\CC2530DB\CoordinatorEB\List"
#        -lA "D:\AA\Z-Stack
#        3.0.2\Projects\zstack\HomeAutomation\SampleThermostat\CC2530DB\CoordinatorEB\List"
#        --diag_suppress Pe001,Pa010 -o "D:\AA\Z-Stack
#        3.0.2\Projects\zstack\HomeAutomation\SampleThermostat\CC2530DB\CoordinatorEB\Obj"
#        -e --debug --core=plain --dptr=16,1 --data_model=large
#        --code_model=banked --calling_convention=xdata_reentrant
#        --place_constants=data_rom --nr_virtual_regs 16 -f "D:\AA\Z-Stack
#        3.0.2\Projects\zstack\HomeAutomation\SampleThermostat\CC2530DB\..\..\..\Tools\CC2530DB\f8wCoord.cfg"
#        (-DCPU32MHZ -DROOT=__near_func -DMAC_CFG_APP_PENDING_QUEUE=TRUE
#        -DMAC_CFG_TX_DATA_MAX=5 -DMAC_CFG_TX_MAX=8 -DMAC_CFG_RX_MAX=5
#        -DZDO_COORDINATOR -DRTR_NWK) -f "D:\AA\Z-Stack
#        3.0.2\Projects\zstack\HomeAutomation\SampleThermostat\CC2530DB\..\..\..\Tools\CC2530DB\f8wConfig.cfg"
#        (-DZIGBEEPRO -DSECURE=1 -DZG_SECURE_DYNAMIC=0 -DREFLECTOR
#        -DDEFAULT_CHANLIST=0x00000800 -DZDAPP_CONFIG_PAN_ID=0xFFFF
#        -DNWK_START_DELAY=100 -DEXTENDED_JOINING_RANDOM_MASK=0x007F
#        -DBEACON_REQUEST_DELAY=100 -DBEACON_REQ_DELAY_MASK=0x00FF
#        -DLINK_STATUS_JITTER_MASK=0x007F -DROUTE_EXPIRY_TIME=30
#        -DAPSC_ACK_WAIT_DURATION_POLLED=3000 -DNWK_INDIRECT_MSG_TIMEOUT=7
#        -DMAX_RREQ_ENTRIES=8 -DAPSC_MAX_FRAME_RETRIES=3
#        -DNWK_MAX_DATA_RETRIES=2 -DMAX_POLL_FAILURE_RETRIES=2 -DMAX_BCAST=9
#        -DAPS_MAX_GROUPS=16 -DMAX_RTG_ENTRIES=40 -DNWK_MAX_BINDING_ENTRIES=4
#        -DMAX_BINDING_CLUSTER_IDS=4 -DDEFAULT_KEY={0} -DMAC_MAX_FRAME_SIZE=116
#        -DZDNWKMGR_MIN_TRANSMISSIONS=20 "-DCONST=const __code"
#        -DGENERIC=__generic -DRFD_RCVC_ALWAYS_ON=FALSE -DPOLL_RATE=1000
#        -DQUEUED_POLL_RATE=100 -DRESPONSE_POLL_RATE=100 -DREJOIN_POLL_RATE=440
#        -DREJOIN_BACKOFF=900000 -DREJOIN_SCAN=900000 -DENABLE_LED4_DISABLE_S1)
#        -f "D:\AA\Z-Stack
#        3.0.2\Projects\zstack\HomeAutomation\SampleThermostat\CC2530DB\..\..\..\Tools\CC2530DB\f8wZCL.cfg"
#        -I "D:\AA\Z-Stack
#        3.0.2\Projects\zstack\HomeAutomation\SampleThermostat\CC2530DB\" -I
#        "D:\AA\Z-Stack
#        3.0.2\Projects\zstack\HomeAutomation\SampleThermostat\CC2530DB\..\Source\"
#        -I "D:\AA\Z-Stack
#        3.0.2\Projects\zstack\HomeAutomation\SampleThermostat\CC2530DB\..\..\Source\"
#        -I "D:\AA\Z-Stack
#        3.0.2\Projects\zstack\HomeAutomation\SampleThermostat\CC2530DB\..\..\..\ZMain\TI2530DB\"
#        -I "D:\AA\Z-Stack
#        3.0.2\Projects\zstack\HomeAutomation\SampleThermostat\CC2530DB\..\..\..\..\..\Components\hal\include\"
#        -I "D:\AA\Z-Stack
#        3.0.2\Projects\zstack\HomeAutomation\SampleThermostat\CC2530DB\..\..\..\..\..\Components\hal\target\CC2530EB\"
#        -I "D:\AA\Z-Stack
#        3.0.2\Projects\zstack\HomeAutomation\SampleThermostat\CC2530DB\..\..\..\..\..\Components\mac\include\"
#        -I "D:\AA\Z-Stack
#        3.0.2\Projects\zstack\HomeAutomation\SampleThermostat\CC2530DB\..\..\..\..\..\Components\mac\high_level\"
#        -I "D:\AA\Z-Stack
#        3.0.2\Projects\zstack\HomeAutomation\SampleThermostat\CC2530DB\..\..\..\..\..\Components\mac\low_level\srf04\"
#        -I "D:\AA\Z-Stack
#        3.0.2\Projects\zstack\HomeAutomation\SampleThermostat\CC2530DB\..\..\..\..\..\Components\mac\low_level\srf04\single_chip\"
#        -I "D:\AA\Z-Stack
#        3.0.2\Projects\zstack\HomeAutomation\SampleThermostat\CC2530DB\..\..\..\..\..\Components\mt\"
#        -I "D:\AA\Z-Stack
#        3.0.2\Projects\zstack\HomeAutomation\SampleThermostat\CC2530DB\..\..\..\..\..\Components\osal\include\"
#        -I "D:\AA\Z-Stack
#        3.0.2\Projects\zstack\HomeAutomation\SampleThermostat\CC2530DB\..\..\..\..\..\Components\services\saddr\"
#        -I "D:\AA\Z-Stack
#        3.0.2\Projects\zstack\HomeAutomation\SampleThermostat\CC2530DB\..\..\..\..\..\Components\services\sdata\"
#        -I "D:\AA\Z-Stack
#        3.0.2\Projects\zstack\HomeAutomation\SampleThermostat\CC2530DB\..\..\..\..\..\Components\stack\af\"
#        -I "D:\AA\Z-Stack
#        3.0.2\Projects\zstack\HomeAutomation\SampleThermostat\CC2530DB\..\..\..\..\..\Components\stack\bdb\"
#        -I "D:\AA\Z-Stack
#        3.0.2\Projects\zstack\HomeAutomation\SampleThermostat\CC2530DB\..\..\..\..\..\Components\stack\gp\"
#        -I "D:\AA\Z-Stack
#        3.0.2\Projects\zstack\HomeAutomation\SampleThermostat\CC2530DB\..\..\..\..\..\Components\stack\nwk\"
#        -I "D:\AA\Z-Stack
#        3.0.2\Projects\zstack\HomeAutomation\SampleThermostat\CC2530DB\..\..\..\..\..\Components\stack\sapi\"
#        -I "D:\AA\Z-Stack
#        3.0.2\Projects\zstack\HomeAutomation\SampleThermostat\CC2530DB\..\..\..\..\..\Components\stack\sec\"
#        -I "D:\AA\Z-Stack
#        3.0.2\Projects\zstack\HomeAutomation\SampleThermostat\CC2530DB\..\..\..\..\..\Components\stack\sys\"
#        -I "D:\AA\Z-Stack
#        3.0.2\Projects\zstack\HomeAutomation\SampleThermostat\CC2530DB\..\..\..\..\..\Components\stack\zcl\"
#        -I "D:\AA\Z-Stack
#        3.0.2\Projects\zstack\HomeAutomation\SampleThermostat\CC2530DB\..\..\..\..\..\Components\stack\zdo\"
#        -I "D:\AA\Z-Stack
#        3.0.2\Projects\zstack\HomeAutomation\SampleThermostat\CC2530DB\..\..\..\..\..\Components\zmac\"
#        -I "D:\AA\Z-Stack
#        3.0.2\Projects\zstack\HomeAutomation\SampleThermostat\CC2530DB\..\..\..\..\..\Components\zmac\f8w\"
#        -Ohz --require_prototypes)
#    Locale             =  Chinese (Simplified)_CHN.936
#    List file          =  
#        D:\AA\Z-Stack
#        3.0.2\Projects\zstack\HomeAutomation\SampleThermostat\CC2530DB\CoordinatorEB\List\zcl_samplethermostat_data.lst
#    Object file        =  
#        D:\AA\Z-Stack
#        3.0.2\Projects\zstack\HomeAutomation\SampleThermostat\CC2530DB\CoordinatorEB\Obj\zcl_samplethermostat_data.r51
#
###############################################################################

D:\AA\Z-Stack 3.0.2\Projects\zstack\HomeAutomation\SampleThermostat\Source\zcl_samplethermostat_data.c
      1          /**************************************************************************************************
      2            Filename:       zcl_samplethermostat_data.c
      3            Revised:        $Date: 2014-09-25 13:20:41 -0700 (Thu, 25 Sep 2014) $
      4            Revision:       $Revision: 40295 $
      5          
      6          
      7            Description:    Zigbee Cluster Library - sample device application.
      8          
      9          
     10            Copyright 2013-2014 Texas Instruments Incorporated. All rights reserved.
     11          
     12            IMPORTANT: Your use of this Software is limited to those specific rights
     13            granted under the terms of a software license agreement between the user
     14            who downloaded the software, his/her employer (which must be your employer)
     15            and Texas Instruments Incorporated (the "License").  You may not use this
     16            Software unless you agree to abide by the terms of the License. The License
     17            limits your use, and you acknowledge, that the Software may not be modified,
     18            copied or distributed unless embedded on a Texas Instruments microcontroller
     19            or used solely and exclusively in conjunction with a Texas Instruments radio
     20            frequency transceiver, which is integrated into your product.  Other than for
     21            the foregoing purpose, you may not use, reproduce, copy, prepare derivative
     22            works of, modify, distribute, perform, display or sell this Software and/or
     23            its documentation for any purpose.
     24          
     25            YOU FURTHER ACKNOWLEDGE AND AGREE THAT THE SOFTWARE AND DOCUMENTATION ARE
     26            PROVIDED "AS IS" WITHOUT WARRANTY OF ANY KIND, EITHER EXPRESS OR IMPLIED,
     27            INCLUDING WITHOUT LIMITATION, ANY WARRANTY OF MERCHANTABILITY, TITLE,
     28            NON-INFRINGEMENT AND FITNESS FOR A PARTICULAR PURPOSE. IN NO EVENT SHALL
     29            TEXAS INSTRUMENTS OR ITS LICENSORS BE LIABLE OR OBLIGATED UNDER CONTRACT,
     30            NEGLIGENCE, STRICT LIABILITY, CONTRIBUTION, BREACH OF WARRANTY, OR OTHER
     31            LEGAL EQUITABLE THEORY ANY DIRECT OR INDIRECT DAMAGES OR EXPENSES
     32            INCLUDING BUT NOT LIMITED TO ANY INCIDENTAL, SPECIAL, INDIRECT, PUNITIVE
     33            OR CONSEQUENTIAL DAMAGES, LOST PROFITS OR LOST DATA, COST OF PROCUREMENT
     34            OF SUBSTITUTE GOODS, TECHNOLOGY, SERVICES, OR ANY CLAIMS BY THIRD PARTIES
     35            (INCLUDING BUT NOT LIMITED TO ANY DEFENSE THEREOF), OR OTHER SIMILAR COSTS.
     36          
     37            Should you have any questions regarding your right to use this Software,
     38            contact Texas Instruments Incorporated at www.TI.com.
     39          **************************************************************************************************/
     40          
     41          /*********************************************************************
     42           * INCLUDES
     43           */
     44          #include "ZComDef.h"
     45          #include "OSAL.h"
     46          #include "AF.h"
     47          #include "ZDConfig.h"
     48          
     49          #include "zcl.h"
     50          #include "zcl_general.h"
     51          #include "zcl_ha.h"
     52          #include "zcl_poll_control.h"
     53          #include "zcl_electrical_measurement.h"
     54          #include "zcl_diagnostic.h"
     55          #include "zcl_meter_identification.h"
     56          #include "zcl_appliance_identification.h"
     57          #include "zcl_appliance_events_alerts.h"
     58          #include "zcl_power_profile.h"
     59          #include "zcl_appliance_control.h"
     60          #include "zcl_appliance_statistics.h"
     61          #include "zcl_hvac.h"
     62          
     63          #include "zcl_samplethermostat.h"
     64          
     65          /*********************************************************************
     66           * CONSTANTS
     67           */
     68          
     69          #define SAMPLETHERMOSTAT_DEVICE_VERSION     0
     70          #define SAMPLETHERMOSTAT_FLAGS              0
     71          
     72          #define SAMPLETHERMOSTAT_HWVERSION          1
     73          #define SAMPLETHERMOSTAT_ZCLVERSION         1
     74          
     75          #define SAMPLETHERMOSTAT_MIN_HEAT_SETPOINT_LIMIT     1700  // 17.00C
     76          #define SAMPLETHERMOSTAT_MAX_HEAT_SETPOINT_LIMIT     2700  // 27.00C
     77          #define SAMPLETHERMOSTAT_MIN_COOL_SETPOINT_LIMIT     1700  // 17.00C
     78          #define SAMPLETHERMOSTAT_MAX_COOL_SETPOINT_LIMIT     2700  // 27.00C
     79          #define SAMPLETHERMOSTAT_OCCUPIED_HEATING_SETPOINT   2000  // 20.00C
     80          #define SAMPLETHERMOSTAT_OCCUPIED_COOLING_SETPOINT   2400  // 24.00C
     81          #define SAMPLETHERMOSTAT_HEATING_DEMAND              100   // 100% heating demanded of heating device
     82          #define SAMPLETHERMOSTAT_COOLING_DEMAND              100   // 100% cooling demanded of cooling device
     83          
     84          /*********************************************************************
     85           * TYPEDEFS
     86           */
     87          
     88          /*********************************************************************
     89           * MACROS
     90           */
     91          
     92          /*********************************************************************
     93           * GLOBAL VARIABLES
     94           */
     95          
     96          // Global attributes

   \                                 In  segment XDATA_ROM_C, align 1
     97          const uint16 zclSampleThermostat_clusterRevision_all = 0x0001; 
   \                     zclSampleThermostat_clusterRevision_all:
   \   000000   0100         DW 1
     98          
     99          // Basic Cluster

   \                                 In  segment XDATA_ROM_C, align 1
    100          const uint8 zclSampleThermostat_HWRevision = SAMPLETHERMOSTAT_HWVERSION;
   \                     zclSampleThermostat_HWRevision:
   \   000000   01           DB 1

   \                                 In  segment XDATA_ROM_C, align 1
    101          const uint8 zclSampleThermostat_ZCLVersion = SAMPLETHERMOSTAT_ZCLVERSION;
   \                     zclSampleThermostat_ZCLVersion:
   \   000000   01           DB 1

   \                                 In  segment XDATA_ROM_C, align 1
    102          const uint8 zclSampleThermostat_ManufacturerName[] = { 16, 'T','e','x','a','s','I','n','s','t','r','u','m','e','n','t','s' };
   \                     zclSampleThermostat_ManufacturerName:
   \   000000   10           DB 16
   \   000001   54           DB 84
   \   000002   65           DB 101
   \   000003   78           DB 120
   \   000004   61           DB 97
   \   000005   73           DB 115
   \   000006   49           DB 73
   \   000007   6E           DB 110
   \   000008   73           DB 115
   \   000009   74           DB 116
   \   00000A   72           DB 114
   \   00000B   75           DB 117
   \   00000C   6D           DB 109
   \   00000D   65           DB 101
   \   00000E   6E           DB 110
   \   00000F   74           DB 116
   \   000010   73           DB 115

   \                                 In  segment XDATA_ROM_C, align 1
    103          const uint8 zclSampleThermostat_ModelId[] = { 16, 'T','I','0','0','0','1',' ',' ',' ',' ',' ',' ',' ',' ',' ',' ' };
   \                     zclSampleThermostat_ModelId:
   \   000000   10           DB 16
   \   000001   54           DB 84
   \   000002   49           DB 73
   \   000003   30           DB 48
   \   000004   30           DB 48
   \   000005   30           DB 48
   \   000006   31           DB 49
   \   000007   20           DB 32
   \   000008   20           DB 32
   \   000009   20           DB 32
   \   00000A   20           DB 32
   \   00000B   20           DB 32
   \   00000C   20           DB 32
   \   00000D   20           DB 32
   \   00000E   20           DB 32
   \   00000F   20           DB 32
   \   000010   20           DB 32

   \                                 In  segment XDATA_ROM_C, align 1
    104          const uint8 zclSampleThermostat_DateCode[] = { 16, '2','0','0','6','0','8','3','1',' ',' ',' ',' ',' ',' ',' ',' ' };
   \                     zclSampleThermostat_DateCode:
   \   000000   10           DB 16
   \   000001   32           DB 50
   \   000002   30           DB 48
   \   000003   30           DB 48
   \   000004   36           DB 54
   \   000005   30           DB 48
   \   000006   38           DB 56
   \   000007   33           DB 51
   \   000008   31           DB 49
   \   000009   20           DB 32
   \   00000A   20           DB 32
   \   00000B   20           DB 32
   \   00000C   20           DB 32
   \   00000D   20           DB 32
   \   00000E   20           DB 32
   \   00000F   20           DB 32
   \   000010   20           DB 32

   \                                 In  segment XDATA_ROM_C, align 1
    105          const uint8 zclSampleThermostat_PowerSource = POWER_SOURCE_MAINS_1_PHASE;
   \                     zclSampleThermostat_PowerSource:
   \   000000   01           DB 1
    106          

   \                                 In  segment XDATA_Z, align 1, keep-with-next
    107          uint8 zclSampleThermostat_LocationDescription[17];
   \                     zclSampleThermostat_LocationDescription:
   \   000000                DS 17
   \   000011                REQUIRE __INIT_XDATA_Z

   \                                 In  segment XDATA_Z, align 1, keep-with-next
    108          uint8 zclSampleThermostat_PhysicalEnvironment;
   \                     zclSampleThermostat_PhysicalEnvironment:
   \   000000                DS 1
   \   000001                REQUIRE __INIT_XDATA_Z

   \                                 In  segment XDATA_Z, align 1, keep-with-next
    109          uint8 zclSampleThermostat_DeviceEnable;
   \                     zclSampleThermostat_DeviceEnable:
   \   000000                DS 1
   \   000001                REQUIRE __INIT_XDATA_Z
    110          
    111          // Identify Cluster

   \                                 In  segment XDATA_Z, align 1, keep-with-next
    112          uint16 zclSampleThermostat_IdentifyTime = 0;
   \                     zclSampleThermostat_IdentifyTime:
   \   000000                DS 2
   \   000002                REQUIRE __INIT_XDATA_Z
    113          
    114          // HVAC Thermostat Cluster

   \                                 In  segment XDATA_Z, align 1, keep-with-next
    115          int16 zclSampleThermostat_LocalTemperature;
   \                     zclSampleThermostat_LocalTemperature:
   \   000000                DS 2
   \   000002                REQUIRE __INIT_XDATA_Z

   \                                 In  segment XDATA_Z, align 1, keep-with-next
    116          int16 zclSampleThermostat_MinHeatSetpointLimit;
   \                     zclSampleThermostat_MinHeatSetpointLimit:
   \   000000                DS 2
   \   000002                REQUIRE __INIT_XDATA_Z

   \                                 In  segment XDATA_Z, align 1, keep-with-next
    117          int16 zclSampleThermostat_MaxHeatSetpointLimit;
   \                     zclSampleThermostat_MaxHeatSetpointLimit:
   \   000000                DS 2
   \   000002                REQUIRE __INIT_XDATA_Z

   \                                 In  segment XDATA_Z, align 1, keep-with-next
    118          int16 zclSampleThermostat_MinCoolSetpointLimit;
   \                     zclSampleThermostat_MinCoolSetpointLimit:
   \   000000                DS 2
   \   000002                REQUIRE __INIT_XDATA_Z

   \                                 In  segment XDATA_Z, align 1, keep-with-next
    119          int16 zclSampleThermostat_MaxCoolSetpointLimit;
   \                     zclSampleThermostat_MaxCoolSetpointLimit:
   \   000000                DS 2
   \   000002                REQUIRE __INIT_XDATA_Z

   \                                 In  segment XDATA_Z, align 1, keep-with-next
    120          int16 zclSampleThermostat_OccupiedHeatingSetpoint;
   \                     zclSampleThermostat_OccupiedHeatingSetpoint:
   \   000000                DS 2
   \   000002                REQUIRE __INIT_XDATA_Z

   \                                 In  segment XDATA_Z, align 1, keep-with-next
    121          int16 zclSampleThermostat_OccupiedCoolingSetpoint;
   \                     zclSampleThermostat_OccupiedCoolingSetpoint:
   \   000000                DS 2
   \   000002                REQUIRE __INIT_XDATA_Z

   \                                 In  segment XDATA_Z, align 1, keep-with-next
    122          uint8 zclSampleThermostat_HeatingDemand;
   \                     zclSampleThermostat_HeatingDemand:
   \   000000                DS 1
   \   000001                REQUIRE __INIT_XDATA_Z

   \                                 In  segment XDATA_Z, align 1, keep-with-next
    123          uint8 zclSampleThermostat_CoolingDemand;
   \                     zclSampleThermostat_CoolingDemand:
   \   000000                DS 1
   \   000001                REQUIRE __INIT_XDATA_Z

   \                                 In  segment XDATA_Z, align 1, keep-with-next
    124          uint8 zclSampleThermostat_ControlSequenceOfOperation;
   \                     zclSampleThermostat_ControlSequenceOfOperation:
   \   000000                DS 1
   \   000001                REQUIRE __INIT_XDATA_Z

   \                                 In  segment XDATA_Z, align 1, keep-with-next
    125          uint8 zclSampleThermostat_SystemMode;
   \                     zclSampleThermostat_SystemMode:
   \   000000                DS 1
   \   000001                REQUIRE __INIT_XDATA_Z
    126          
    127          /*********************************************************************
    128           * ATTRIBUTE DEFINITIONS - Uses REAL cluster IDs
    129           */
    130          
    131          // NOTE: The attributes listed in the AttrRec must be in ascending order 
    132          // per cluster to allow right function of the Foundation discovery commands
    133          

   \                                 In  segment CODE_C, align 1
    134          CONST zclAttrRec_t zclSampleThermostat_Attrs[] =
   \                     zclSampleThermostat_Attrs:
   \   000000   0000         DW 0
   \   000002   0000         DW 0
   \   000004   20           DB 32
   \   000005   01           DB 1
   \   000006   ....         DW zclSampleThermostat_ZCLVersion
   \   000008   0000         DW 0
   \   00000A   0300         DW 3
   \   00000C   20           DB 32
   \   00000D   01           DB 1
   \   00000E   ....         DW zclSampleThermostat_HWRevision
   \   000010   0000         DW 0
   \   000012   0400         DW 4
   \   000014   42           DB 66
   \   000015   01           DB 1
   \   000016   ....         DW zclSampleThermostat_ManufacturerName
   \   000018   0000         DW 0
   \   00001A   0500         DW 5
   \   00001C   42           DB 66
   \   00001D   01           DB 1
   \   00001E   ....         DW zclSampleThermostat_ModelId
   \   000020   0000         DW 0
   \   000022   0600         DW 6
   \   000024   42           DB 66
   \   000025   01           DB 1
   \   000026   ....         DW zclSampleThermostat_DateCode
   \   000028   0000         DW 0
   \   00002A   0700         DW 7
   \   00002C   30           DB 48
   \   00002D   01           DB 1
   \   00002E   ....         DW zclSampleThermostat_PowerSource
   \   000030   0000         DW 0
   \   000032   1000         DW 16
   \   000034   42           DB 66
   \   000035   03           DB 3
   \   000036   ....         DW zclSampleThermostat_LocationDescription
   \   000038   0000         DW 0
   \   00003A   1100         DW 17
   \   00003C   30           DB 48
   \   00003D   03           DB 3
   \   00003E   ....         DW zclSampleThermostat_PhysicalEnvironment
   \   000040   0000         DW 0
   \   000042   1200         DW 18
   \   000044   10           DB 16
   \   000045   03           DB 3
   \   000046   ....         DW zclSampleThermostat_DeviceEnable
   \   000048   0000         DW 0
   \   00004A   FDFF         DW 65533
   \   00004C   21           DB 33
   \   00004D   01           DB 1
   \   00004E   ....         DW zclSampleThermostat_clusterRevision_all
   \   000050   0300         DW 3
   \   000052   0000         DW 0
   \   000054   21           DB 33
   \   000055   03           DB 3
   \   000056   ....         DW zclSampleThermostat_IdentifyTime
   \   000058   0300         DW 3
   \   00005A   FDFF         DW 65533
   \   00005C   21           DB 33
   \   00005D   41           DB 65
   \   00005E   ....         DW zclSampleThermostat_clusterRevision_all
   \   000060   0204         DW 1026
   \   000062   FDFF         DW 65533
   \   000064   21           DB 33
   \   000065   81           DB 129
   \   000066   ....         DW zclSampleThermostat_clusterRevision_all
   \   000068   0102         DW 513
   \   00006A   0000         DW 0
   \   00006C   29           DB 41
   \   00006D   05           DB 5
   \   00006E   ....         DW zclSampleThermostat_LocalTemperature
   \   000070   0102         DW 513
   \   000072   0700         DW 7
   \   000074   20           DB 32
   \   000075   05           DB 5
   \   000076   ....         DW zclSampleThermostat_CoolingDemand
   \   000078   0102         DW 513
   \   00007A   0800         DW 8
   \   00007C   20           DB 32
   \   00007D   05           DB 5
   \   00007E   ....         DW zclSampleThermostat_HeatingDemand
   \   000080   0102         DW 513
   \   000082   1100         DW 17
   \   000084   29           DB 41
   \   000085   03           DB 3
   \   000086   ....         DW zclSampleThermostat_OccupiedCoolingSetpoint
   \   000088   0102         DW 513
   \   00008A   1200         DW 18
   \   00008C   29           DB 41
   \   00008D   03           DB 3
   \   00008E   ....         DW zclSampleThermostat_OccupiedHeatingSetpoint
   \   000090   0102         DW 513
   \   000092   1500         DW 21
   \   000094   29           DB 41
   \   000095   03           DB 3
   \   000096   ....         DW zclSampleThermostat_MinHeatSetpointLimit
   \   000098   0102         DW 513
   \   00009A   1600         DW 22
   \   00009C   29           DB 41
   \   00009D   03           DB 3
   \   00009E   ....         DW zclSampleThermostat_MaxHeatSetpointLimit
   \   0000A0   0102         DW 513
   \   0000A2   1700         DW 23
   \   0000A4   29           DB 41
   \   0000A5   03           DB 3
   \   0000A6   ....         DW zclSampleThermostat_MinCoolSetpointLimit
   \   0000A8   0102         DW 513
   \   0000AA   1800         DW 24
   \   0000AC   29           DB 41
   \   0000AD   03           DB 3
   \   0000AE   ....         DW zclSampleThermostat_MaxCoolSetpointLimit
   \   0000B0   0102         DW 513
   \   0000B2   1B00         DW 27
   \   0000B4   30           DB 48
   \   0000B5   03           DB 3
   \   0000B6   ....         DW zclSampleThermostat_ControlSequenceOfOperation
   \   0000B8   0102         DW 513
   \   0000BA   1C00         DW 28
   \   0000BC   30           DB 48
   \   0000BD   03           DB 3
   \   0000BE   ....         DW zclSampleThermostat_SystemMode
   \   0000C0   0102         DW 513
   \   0000C2   FDFF         DW 65533
   \   0000C4   21           DB 33
   \   0000C5   01           DB 1
   \   0000C6   ....         DW zclSampleThermostat_clusterRevision_all
    135          {
    136            // *** General Basic Cluster Attributes ***
    137            {
    138              ZCL_CLUSTER_ID_GEN_BASIC,
    139              { // Attribute record
    140                ATTRID_BASIC_ZCL_VERSION,
    141                ZCL_DATATYPE_UINT8,
    142                ACCESS_CONTROL_READ,
    143                (void *)&zclSampleThermostat_ZCLVersion
    144              }
    145            },
    146            {
    147              ZCL_CLUSTER_ID_GEN_BASIC,             // Cluster IDs - defined in the foundation (ie. zcl.h)
    148              {  // Attribute record
    149                ATTRID_BASIC_HW_VERSION,            // Attribute ID - Found in Cluster Library header (ie. zcl_general.h)
    150                ZCL_DATATYPE_UINT8,                 // Data Type - found in zcl.h
    151                ACCESS_CONTROL_READ,                // Variable access control - found in zcl.h
    152                (void *)&zclSampleThermostat_HWRevision  // Pointer to attribute variable
    153              }
    154            },
    155            {
    156              ZCL_CLUSTER_ID_GEN_BASIC,
    157              { // Attribute record
    158                ATTRID_BASIC_MANUFACTURER_NAME,
    159                ZCL_DATATYPE_CHAR_STR,
    160                ACCESS_CONTROL_READ,
    161                (void *)zclSampleThermostat_ManufacturerName
    162              }
    163            },
    164            {
    165              ZCL_CLUSTER_ID_GEN_BASIC,
    166              { // Attribute record
    167                ATTRID_BASIC_MODEL_ID,
    168                ZCL_DATATYPE_CHAR_STR,
    169                ACCESS_CONTROL_READ,
    170                (void *)zclSampleThermostat_ModelId
    171              }
    172            },
    173            {
    174              ZCL_CLUSTER_ID_GEN_BASIC,
    175              { // Attribute record
    176                ATTRID_BASIC_DATE_CODE,
    177                ZCL_DATATYPE_CHAR_STR,
    178                ACCESS_CONTROL_READ,
    179                (void *)zclSampleThermostat_DateCode
    180              }
    181            },
    182            {
    183              ZCL_CLUSTER_ID_GEN_BASIC,
    184              { // Attribute record
    185                ATTRID_BASIC_POWER_SOURCE,
    186                ZCL_DATATYPE_ENUM8,
    187                ACCESS_CONTROL_READ,
    188                (void *)&zclSampleThermostat_PowerSource
    189              }
    190            },
    191            {
    192              ZCL_CLUSTER_ID_GEN_BASIC,
    193              { // Attribute record
    194                ATTRID_BASIC_LOCATION_DESC,
    195                ZCL_DATATYPE_CHAR_STR,
    196                (ACCESS_CONTROL_READ | ACCESS_CONTROL_WRITE),
    197                (void *)zclSampleThermostat_LocationDescription
    198              }
    199            },
    200            {
    201              ZCL_CLUSTER_ID_GEN_BASIC,
    202              { // Attribute record
    203                ATTRID_BASIC_PHYSICAL_ENV,
    204                ZCL_DATATYPE_ENUM8,
    205                (ACCESS_CONTROL_READ | ACCESS_CONTROL_WRITE),
    206                (void *)&zclSampleThermostat_PhysicalEnvironment
    207              }
    208            },
    209            {
    210              ZCL_CLUSTER_ID_GEN_BASIC,
    211              { // Attribute record
    212                ATTRID_BASIC_DEVICE_ENABLED,
    213                ZCL_DATATYPE_BOOLEAN,
    214                (ACCESS_CONTROL_READ | ACCESS_CONTROL_WRITE),
    215                (void *)&zclSampleThermostat_DeviceEnable
    216              }
    217            },
    218            {
    219              ZCL_CLUSTER_ID_GEN_BASIC,
    220              {  // Attribute record
    221                ATTRID_CLUSTER_REVISION,
    222                ZCL_DATATYPE_UINT16,
    223                ACCESS_CONTROL_READ,
    224                (void *)&zclSampleThermostat_clusterRevision_all
    225              }
    226            },
    227            // *** Identify Cluster Attribute ***
    228            {
    229              ZCL_CLUSTER_ID_GEN_IDENTIFY,
    230              { // Attribute record
    231                ATTRID_IDENTIFY_TIME,
    232                ZCL_DATATYPE_UINT16,
    233                (ACCESS_CONTROL_READ | ACCESS_CONTROL_WRITE),
    234                (void *)&zclSampleThermostat_IdentifyTime
    235              }
    236            },
    237            {
    238              ZCL_CLUSTER_ID_GEN_IDENTIFY,
    239              {  // Attribute record
    240                ATTRID_CLUSTER_REVISION,
    241                ZCL_DATATYPE_UINT16,
    242                ACCESS_CONTROL_READ | ACCESS_GLOBAL,
    243                (void *)&zclSampleThermostat_clusterRevision_all
    244              }
    245            },
    246            // *** Temperature measurement Attributes *** //
    247            {
    248              ZCL_CLUSTER_ID_MS_TEMPERATURE_MEASUREMENT,
    249              {  // Attribute record
    250                ATTRID_CLUSTER_REVISION,
    251                ZCL_DATATYPE_UINT16,
    252                ACCESS_CONTROL_READ | ACCESS_CLIENT,
    253                (void *)&zclSampleThermostat_clusterRevision_all
    254              }
    255            },
    256            // *** HVAC Thermostat Cluster Attributes *** //
    257          
    258            {
    259              ZCL_CLUSTER_ID_HVAC_THERMOSTAT,
    260              { // Attribute record
    261                ATTRID_HVAC_THERMOSTAT_LOCAL_TEMPERATURE,
    262                ZCL_DATATYPE_INT16,
    263                ACCESS_CONTROL_READ | ACCESS_REPORTABLE,
    264                (void *)&zclSampleThermostat_LocalTemperature
    265              }
    266            },
    267            {
    268              ZCL_CLUSTER_ID_HVAC_THERMOSTAT,
    269              { // Attribute record
    270                ATTRID_HVAC_THERMOSTAT_PI_COOLING_DEMAND,
    271                ZCL_DATATYPE_UINT8,
    272                ACCESS_CONTROL_READ | ACCESS_REPORTABLE,
    273                (void *)&zclSampleThermostat_CoolingDemand
    274              }
    275            },
    276            {
    277              ZCL_CLUSTER_ID_HVAC_THERMOSTAT,
    278              { // Attribute record
    279                ATTRID_HVAC_THERMOSTAT_PI_HEATING_DEMAND,
    280                ZCL_DATATYPE_UINT8,
    281                ACCESS_CONTROL_READ | ACCESS_REPORTABLE,
    282                (void *)&zclSampleThermostat_HeatingDemand
    283              }
    284            },  
    285            {
    286              ZCL_CLUSTER_ID_HVAC_THERMOSTAT,
    287              { // Attribute record
    288                ATTRID_HVAC_THERMOSTAT_OCCUPIED_COOLING_SETPOINT,
    289                ZCL_DATATYPE_INT16,
    290                ACCESS_CONTROL_READ | ACCESS_CONTROL_WRITE,
    291                (void *)&zclSampleThermostat_OccupiedCoolingSetpoint
    292              }
    293            },
    294            {
    295              ZCL_CLUSTER_ID_HVAC_THERMOSTAT,
    296              { // Attribute record
    297                ATTRID_HVAC_THERMOSTAT_OCCUPIED_HEATING_SETPOINT,
    298                ZCL_DATATYPE_INT16,
    299                ACCESS_CONTROL_READ | ACCESS_CONTROL_WRITE,
    300                (void *)&zclSampleThermostat_OccupiedHeatingSetpoint
    301              }
    302            },
    303            {
    304              ZCL_CLUSTER_ID_HVAC_THERMOSTAT,
    305              { // Attribute record
    306                ATTRID_HVAC_THERMOSTAT_MIN_HEAT_SETPOINT_LIMIT,
    307                ZCL_DATATYPE_INT16,
    308                ACCESS_CONTROL_READ | ACCESS_CONTROL_WRITE,
    309                (void *)&zclSampleThermostat_MinHeatSetpointLimit
    310              }
    311            },  
    312            {
    313              ZCL_CLUSTER_ID_HVAC_THERMOSTAT,
    314              { // Attribute record
    315                ATTRID_HVAC_THERMOSTAT_MAX_HEAT_SETPOINT_LIMIT,
    316                ZCL_DATATYPE_INT16,
    317                ACCESS_CONTROL_READ | ACCESS_CONTROL_WRITE,
    318                (void *)&zclSampleThermostat_MaxHeatSetpointLimit
    319              }
    320            },
    321            {
    322              ZCL_CLUSTER_ID_HVAC_THERMOSTAT,
    323              { // Attribute record
    324                ATTRID_HVAC_THERMOSTAT_MIN_COOL_SETPOINT_LIMIT,
    325                ZCL_DATATYPE_INT16,
    326                ACCESS_CONTROL_READ | ACCESS_CONTROL_WRITE,
    327                (void *)&zclSampleThermostat_MinCoolSetpointLimit
    328              }
    329            },
    330            {
    331              ZCL_CLUSTER_ID_HVAC_THERMOSTAT,
    332              { // Attribute record
    333                ATTRID_HVAC_THERMOSTAT_MAX_COOL_SETPOINT_LIMIT,
    334                ZCL_DATATYPE_INT16,
    335                ACCESS_CONTROL_READ | ACCESS_CONTROL_WRITE,
    336                (void *)&zclSampleThermostat_MaxCoolSetpointLimit
    337              }
    338            },
    339          
    340            {
    341              ZCL_CLUSTER_ID_HVAC_THERMOSTAT,
    342              { // Attribute record
    343                ATTRID_HVAC_THERMOSTAT_CTRL_SEQ_OF_OPER,
    344                ZCL_DATATYPE_ENUM8,
    345                ACCESS_CONTROL_READ | ACCESS_CONTROL_WRITE,
    346                (void *)&zclSampleThermostat_ControlSequenceOfOperation
    347              }
    348            },
    349            {
    350              ZCL_CLUSTER_ID_HVAC_THERMOSTAT,
    351              { // Attribute record
    352                ATTRID_HVAC_THERMOSTAT_SYSTEM_MODE,
    353                ZCL_DATATYPE_ENUM8,
    354                ACCESS_CONTROL_READ | ACCESS_CONTROL_WRITE,
    355                (void *)&zclSampleThermostat_SystemMode
    356              }
    357            },
    358            {
    359              ZCL_CLUSTER_ID_HVAC_THERMOSTAT,
    360              {  // Attribute record
    361                ATTRID_CLUSTER_REVISION,
    362                ZCL_DATATYPE_UINT16,
    363                ACCESS_CONTROL_READ,
    364                (void *)&zclSampleThermostat_clusterRevision_all
    365              }
    366            },
    367          };
    368          

   \                                 In  segment CODE_C, align 1
    369          uint8 CONST zclSampleThermostat_NumAttributes = ( sizeof(zclSampleThermostat_Attrs) / sizeof(zclSampleThermostat_Attrs[0]) );
   \                     zclSampleThermostat_NumAttributes:
   \   000000   19           DB 25
    370          
    371          /*********************************************************************
    372           * SIMPLE DESCRIPTOR
    373           */
    374          // This is the Cluster ID List and should be filled with Application
    375          // specific cluster IDs.
    376          #define ZCLSAMPLETHERMOSTAT_MAX_INCLUSTERS       3

   \                                 In  segment XDATA_ROM_C, align 1
    377          const cId_t zclSampleThermostat_InClusterList[ZCLSAMPLETHERMOSTAT_MAX_INCLUSTERS] =
   \                     zclSampleThermostat_InClusterList:
   \   000000   0000         DW 0
   \   000002   0300         DW 3
   \   000004   0102         DW 513
    378          {
    379            ZCL_CLUSTER_ID_GEN_BASIC,
    380            ZCL_CLUSTER_ID_GEN_IDENTIFY,
    381            ZCL_CLUSTER_ID_HVAC_THERMOSTAT
    382          };
    383          
    384          #define ZCLSAMPLETHERMOSTAT_MAX_OUTCLUSTERS       2

   \                                 In  segment XDATA_ROM_C, align 1
    385          const cId_t zclSampleThermostat_OutClusterList[ZCLSAMPLETHERMOSTAT_MAX_OUTCLUSTERS] =
   \                     zclSampleThermostat_OutClusterList:
   \   000000   0300         DW 3
   \   000002   0204         DW 1026
    386          {
    387            ZCL_CLUSTER_ID_GEN_IDENTIFY,
    388            ZCL_CLUSTER_ID_MS_TEMPERATURE_MEASUREMENT
    389          };
    390          

   \                                 In  segment XDATA_I, align 1, keep-with-next
    391          SimpleDescriptionFormat_t zclSampleThermostat_SimpleDesc =
   \                     zclSampleThermostat_SimpleDesc:
   \   000000                DS 12
   \   00000C                REQUIRE `?<Initializer for zclSampleThermostat_SimpleDe`
   \   00000C                REQUIRE __INIT_XDATA_I
    392          {
    393            SAMPLETHERMOSTAT_ENDPOINT,                  //  int Endpoint;
    394            ZCL_HA_PROFILE_ID,                          //  uint16 AppProfId[2];
    395            ZCL_HA_DEVICEID_THERMOSTAT,                 //  uint16 AppDeviceId[2];
    396            SAMPLETHERMOSTAT_DEVICE_VERSION,            //  int   AppDevVer:4;
    397            SAMPLETHERMOSTAT_FLAGS,                     //  int   AppFlags:4;
    398            ZCLSAMPLETHERMOSTAT_MAX_INCLUSTERS,         //  byte  AppNumInClusters;
    399            (cId_t *)zclSampleThermostat_InClusterList, //  byte *pAppInClusterList;
    400            ZCLSAMPLETHERMOSTAT_MAX_OUTCLUSTERS,        //  byte  AppNumInClusters;
    401            (cId_t *)zclSampleThermostat_OutClusterList //  byte *pAppInClusterList;
    402          };
    403          
    404          /*********************************************************************
    405           * GLOBAL FUNCTIONS
    406           */
    407          
    408          /*********************************************************************
    409           * LOCAL FUNCTIONS
    410           */
    411          
    412          /*********************************************************************
    413           * @fn      zclSampleLight_ResetAttributesToDefaultValues
    414           *
    415           * @brief   Reset all writable attributes to their default values.
    416           *
    417           * @param   none
    418           *
    419           * @return  none
    420           */

   \                                 In  segment BANKED_CODE, align 1, keep-with-next
    421          void zclSampleThermostat_ResetAttributesToDefaultValues(void)
   \                     zclSampleThermostat_ResetAttributesToDefaultValues:
    422          {
   \   000000   C082         PUSH      DPL
   \   000002   C083         PUSH      DPH
   \   000004                ; Saved register size: 2
   \   000004                ; Auto size: 0
    423            int i;
    424            
    425            zclSampleThermostat_LocationDescription[0] = 16;
   \   000004   90....       MOV       DPTR,#zclSampleThermostat_LocationDescription
   \   000007   7410         MOV       A,#0x10
   \   000009   F0           MOVX      @DPTR,A
    426            for (i = 1; i <= 16; i++)
    427            {
    428              zclSampleThermostat_LocationDescription[i] = ' ';
   \   00000A   7420         MOV       A,#0x20
   \   00000C   A3           INC       DPTR
   \   00000D   7810         MOV       R0,#0x10
   \                     ??zclSampleThermostat_ResetAttributesToDefaultV_1:
   \   00000F   F0           MOVX      @DPTR,A
   \   000010   A3           INC       DPTR
   \   000011   D8FC         DJNZ      R0,??zclSampleThermostat_ResetAttributesToDefaultV_1
    429            }
    430            
    431            zclSampleThermostat_PhysicalEnvironment = PHY_UNSPECIFIED_ENV;
   \   000013   90....       MOV       DPTR,#zclSampleThermostat_PhysicalEnvironment
   \   000016   E4           CLR       A
   \   000017   F0           MOVX      @DPTR,A
    432            zclSampleThermostat_DeviceEnable = DEVICE_ENABLED;
   \   000018   90....       MOV       DPTR,#zclSampleThermostat_DeviceEnable
   \   00001B   04           INC       A
   \   00001C   F0           MOVX      @DPTR,A
    433            
    434          #ifdef ZCL_IDENTIFY
    435            zclSampleThermostat_IdentifyTime = 0;
   \   00001D   90....       MOV       DPTR,#zclSampleThermostat_IdentifyTime
   \   000020   E4           CLR       A
   \   000021   F0           MOVX      @DPTR,A
   \   000022   A3           INC       DPTR
   \   000023   F0           MOVX      @DPTR,A
    436          #endif
    437            
    438            zclSampleThermostat_LocalTemperature = NULL;
   \   000024   90....       MOV       DPTR,#zclSampleThermostat_LocalTemperature
   \   000027   F0           MOVX      @DPTR,A
   \   000028   A3           INC       DPTR
   \   000029   F0           MOVX      @DPTR,A
    439            zclSampleThermostat_MinHeatSetpointLimit = SAMPLETHERMOSTAT_MIN_HEAT_SETPOINT_LIMIT;
   \   00002A   90....       MOV       DPTR,#zclSampleThermostat_MinHeatSetpointLimit
   \   00002D   74A4         MOV       A,#-0x5c
   \   00002F   F0           MOVX      @DPTR,A
   \   000030   A3           INC       DPTR
   \   000031   7406         MOV       A,#0x6
   \   000033   F0           MOVX      @DPTR,A
    440            zclSampleThermostat_MaxHeatSetpointLimit = SAMPLETHERMOSTAT_MAX_HEAT_SETPOINT_LIMIT;
   \   000034   90....       MOV       DPTR,#zclSampleThermostat_MaxHeatSetpointLimit
   \   000037   748C         MOV       A,#-0x74
   \   000039   F0           MOVX      @DPTR,A
   \   00003A   A3           INC       DPTR
   \   00003B   740A         MOV       A,#0xa
   \   00003D   F0           MOVX      @DPTR,A
    441            zclSampleThermostat_MinCoolSetpointLimit = SAMPLETHERMOSTAT_MIN_COOL_SETPOINT_LIMIT;
   \   00003E   90....       MOV       DPTR,#zclSampleThermostat_MinCoolSetpointLimit
   \   000041   74A4         MOV       A,#-0x5c
   \   000043   F0           MOVX      @DPTR,A
   \   000044   A3           INC       DPTR
   \   000045   7406         MOV       A,#0x6
   \   000047   F0           MOVX      @DPTR,A
    442            zclSampleThermostat_MaxCoolSetpointLimit = SAMPLETHERMOSTAT_MAX_COOL_SETPOINT_LIMIT;
   \   000048   90....       MOV       DPTR,#zclSampleThermostat_MaxCoolSetpointLimit
   \   00004B   748C         MOV       A,#-0x74
   \   00004D   F0           MOVX      @DPTR,A
   \   00004E   A3           INC       DPTR
   \   00004F   740A         MOV       A,#0xa
   \   000051   F0           MOVX      @DPTR,A
    443            zclSampleThermostat_OccupiedHeatingSetpoint = SAMPLETHERMOSTAT_OCCUPIED_HEATING_SETPOINT;
   \   000052   90....       MOV       DPTR,#zclSampleThermostat_OccupiedHeatingSetpoint
   \   000055   74D0         MOV       A,#-0x30
   \   000057   F0           MOVX      @DPTR,A
   \   000058   A3           INC       DPTR
   \   000059   7407         MOV       A,#0x7
   \   00005B   F0           MOVX      @DPTR,A
    444            zclSampleThermostat_OccupiedCoolingSetpoint = SAMPLETHERMOSTAT_OCCUPIED_COOLING_SETPOINT;
   \   00005C   90....       MOV       DPTR,#zclSampleThermostat_OccupiedCoolingSetpoint
   \   00005F   7460         MOV       A,#0x60
   \   000061   F0           MOVX      @DPTR,A
   \   000062   A3           INC       DPTR
   \   000063   7409         MOV       A,#0x9
   \   000065   F0           MOVX      @DPTR,A
    445            zclSampleThermostat_HeatingDemand = SAMPLETHERMOSTAT_HEATING_DEMAND;
   \   000066   90....       MOV       DPTR,#zclSampleThermostat_HeatingDemand
   \   000069   7464         MOV       A,#0x64
   \   00006B   F0           MOVX      @DPTR,A
    446            zclSampleThermostat_CoolingDemand = SAMPLETHERMOSTAT_COOLING_DEMAND;
   \   00006C   90....       MOV       DPTR,#zclSampleThermostat_CoolingDemand
   \   00006F   F0           MOVX      @DPTR,A
    447            zclSampleThermostat_ControlSequenceOfOperation = HVAC_THERMOSTAT_CTRL_SEQ_OF_OPER_COOLING_HEATING;
   \   000070   90....       MOV       DPTR,#zclSampleThermostat_ControlSequenceOfOperation
   \   000073   7404         MOV       A,#0x4
   \   000075   F0           MOVX      @DPTR,A
    448            zclSampleThermostat_SystemMode = HVAC_THERMOSTAT_SYSTEM_MODE_OFF;
   \   000076   90....       MOV       DPTR,#zclSampleThermostat_SystemMode
   \   000079   E4           CLR       A
   \   00007A   F0           MOVX      @DPTR,A
    449            
    450          }
   \   00007B   D083         POP       DPH
   \   00007D   D082         POP       DPL
   \   00007F   02....       LJMP      ?BRET

   \                                 In  segment XDATA_ID, align 1, keep-with-next
   \                     `?<Initializer for zclSampleThermostat_SimpleDe`:
   \   000000   08           DB 8
   \   000001   0401         DW 260
   \   000003   0103         DW 769
   \   000005   00           DB 0
   \   000006   03           DB 3
   \   000007   ....         DW zclSampleThermostat_InClusterList
   \   000009   02           DB 2
   \   00000A   ....         DW zclSampleThermostat_OutClusterList
    451          
    452          /****************************************************************************
    453          ****************************************************************************/
    454          
    455          

   Maximum stack usage in bytes:

   ISTACK Function
   ------ --------
      2   zclSampleThermostat_ResetAttributesToDefaultValues


   Segment part sizes:

   Bytes  Function/Label
   -----  --------------
      12  ?<Initializer for zclSampleThermostat_SimpleDe
     200  zclSampleThermostat_Attrs
       1  zclSampleThermostat_ControlSequenceOfOperation
       1  zclSampleThermostat_CoolingDemand
      17  zclSampleThermostat_DateCode
       1  zclSampleThermostat_DeviceEnable
       1  zclSampleThermostat_HWRevision
       1  zclSampleThermostat_HeatingDemand
       2  zclSampleThermostat_IdentifyTime
       6  zclSampleThermostat_InClusterList
       2  zclSampleThermostat_LocalTemperature
      17  zclSampleThermostat_LocationDescription
      17  zclSampleThermostat_ManufacturerName
       2  zclSampleThermostat_MaxCoolSetpointLimit
       2  zclSampleThermostat_MaxHeatSetpointLimit
       2  zclSampleThermostat_MinCoolSetpointLimit
       2  zclSampleThermostat_MinHeatSetpointLimit
      17  zclSampleThermostat_ModelId
       1  zclSampleThermostat_NumAttributes
       2  zclSampleThermostat_OccupiedCoolingSetpoint
       2  zclSampleThermostat_OccupiedHeatingSetpoint
       4  zclSampleThermostat_OutClusterList
       1  zclSampleThermostat_PhysicalEnvironment
       1  zclSampleThermostat_PowerSource
     130  zclSampleThermostat_ResetAttributesToDefaultValues
      12  zclSampleThermostat_SimpleDesc
       1  zclSampleThermostat_SystemMode
       1  zclSampleThermostat_ZCLVersion
       2  zclSampleThermostat_clusterRevision_all
       6  -- Other

 
 130 bytes in segment BANKED_CODE
   6 bytes in segment BANK_RELAYS
 201 bytes in segment CODE_C
  12 bytes in segment XDATA_I
  12 bytes in segment XDATA_ID
  66 bytes in segment XDATA_ROM_C
  39 bytes in segment XDATA_Z
 
 219 bytes of CODE     memory
  66 bytes of CONST    memory
 130 bytes of HUGECODE memory
  51 bytes of XDATA    memory

Errors: none
Warnings: none
