###############################################################################
#
# IAR C/C++ Compiler V10.30.1.6000 for 8051               30/Jul/2020  15:22:23
# Copyright 2004-2018 IAR Systems AB.
# PC-locked license - IAR Embedded Workbench for 8051
#
#    Core               =  plain
#    Code model         =  banked
#    Data model         =  large
#    Calling convention =  xdata reentrant
#    Constant location  =  data_rom
#    Dptr setup         =  1,16
#                          
#    Source file        =  
#        D:\AA\Z-Stack 3.0.2\Projects\zstack\ZMain\TI2530DB\ZMain.c
#    Command line       =  
#        -f C:\Users\sunli\AppData\Local\Temp\EW3FF3.tmp ("D:\AA\Z-Stack
#        3.0.2\Projects\zstack\ZMain\TI2530DB\ZMain.c" -D SECURE=1 -D
#        TC_LINKKEY_JOIN -D NV_INIT -D NV_RESTORE -D xPOWER_SAVING -D
#        NWK_AUTO_POLL -D xZTOOL_P1 -D xMT_TASK -D xMT_APP_FUNC -D xMT_SYS_FUNC
#        -D xMT_ZDO_FUNC -D xMT_ZDO_MGMT -D xMT_APP_CNF_FUNC -D
#        LCD_SUPPORTED=DEBUG -D MULTICAST_ENABLED=FALSE -D ZCL_READ -D
#        ZCL_DISCOVER -D ZCL_WRITE -D ZCL_BASIC -D ZCL_IDENTIFY -D ZCL_ON_OFF
#        -D ZCL_GROUPS -D BDB_TL_INITIATOR -D INTER_PAN -lC "D:\AA\Z-Stack
#        3.0.2\Projects\zstack\HomeAutomation\SampleSwitch\CC2530DB\EndDeviceEB\List"
#        -lA "D:\AA\Z-Stack
#        3.0.2\Projects\zstack\HomeAutomation\SampleSwitch\CC2530DB\EndDeviceEB\List"
#        --diag_suppress Pe001,Pa010 -o "D:\AA\Z-Stack
#        3.0.2\Projects\zstack\HomeAutomation\SampleSwitch\CC2530DB\EndDeviceEB\Obj"
#        -e --debug --core=plain --dptr=16,1 --data_model=large
#        --code_model=banked --calling_convention=xdata_reentrant
#        --place_constants=data_rom --nr_virtual_regs 16 -f "D:\AA\Z-Stack
#        3.0.2\Projects\zstack\HomeAutomation\SampleSwitch\CC2530DB\..\..\..\Tools\CC2530DB\f8wEndev.cfg"
#        (-DCPU32MHZ -DROOT=__near_func -DMAC_CFG_TX_DATA_MAX=3
#        -DMAC_CFG_TX_MAX=6 -DMAC_CFG_RX_MAX=3) -f "D:\AA\Z-Stack
#        3.0.2\Projects\zstack\HomeAutomation\SampleSwitch\CC2530DB\..\..\..\Tools\CC2530DB\f8wConfig.cfg"
#        (-DZIGBEEPRO -DSECURE=1 -DZG_SECURE_DYNAMIC=0 -DREFLECTOR
#        -DDEFAULT_CHANLIST=0x00000800 -DZDAPP_CONFIG_PAN_ID=0xFFFF
#        -DNWK_START_DELAY=100 -DEXTENDED_JOINING_RANDOM_MASK=0x007F
#        -DBEACON_REQUEST_DELAY=100 -DBEACON_REQ_DELAY_MASK=0x00FF
#        -DLINK_STATUS_JITTER_MASK=0x007F -DROUTE_EXPIRY_TIME=30
#        -DAPSC_ACK_WAIT_DURATION_POLLED=3000 -DNWK_INDIRECT_MSG_TIMEOUT=7
#        -DMAX_RREQ_ENTRIES=8 -DAPSC_MAX_FRAME_RETRIES=3
#        -DNWK_MAX_DATA_RETRIES=2 -DMAX_POLL_FAILURE_RETRIES=2 -DMAX_BCAST=9
#        -DAPS_MAX_GROUPS=16 -DMAX_RTG_ENTRIES=40 -DNWK_MAX_BINDING_ENTRIES=4
#        -DMAX_BINDING_CLUSTER_IDS=4 -DDEFAULT_KEY={0} -DMAC_MAX_FRAME_SIZE=116
#        -DZDNWKMGR_MIN_TRANSMISSIONS=20 "-DCONST=const __code"
#        -DGENERIC=__generic -DRFD_RCVC_ALWAYS_ON=FALSE -DPOLL_RATE=1000
#        -DQUEUED_POLL_RATE=100 -DRESPONSE_POLL_RATE=100 -DREJOIN_POLL_RATE=440
#        -DREJOIN_BACKOFF=900000 -DREJOIN_SCAN=900000 -DENABLE_LED4_DISABLE_S1)
#        -f "D:\AA\Z-Stack
#        3.0.2\Projects\zstack\HomeAutomation\SampleSwitch\CC2530DB\..\..\..\Tools\CC2530DB\f8wZCL.cfg"
#        -I "D:\AA\Z-Stack
#        3.0.2\Projects\zstack\HomeAutomation\SampleSwitch\CC2530DB\" -I
#        "D:\AA\Z-Stack
#        3.0.2\Projects\zstack\HomeAutomation\SampleSwitch\CC2530DB\..\Source\"
#        -I "D:\AA\Z-Stack
#        3.0.2\Projects\zstack\HomeAutomation\SampleSwitch\CC2530DB\..\..\Source\"
#        -I "D:\AA\Z-Stack
#        3.0.2\Projects\zstack\HomeAutomation\SampleSwitch\CC2530DB\..\..\..\ZMain\TI2530DB\"
#        -I "D:\AA\Z-Stack
#        3.0.2\Projects\zstack\HomeAutomation\SampleSwitch\CC2530DB\..\..\..\..\..\Components\hal\include\"
#        -I "D:\AA\Z-Stack
#        3.0.2\Projects\zstack\HomeAutomation\SampleSwitch\CC2530DB\..\..\..\..\..\Components\hal\target\CC2530EB\"
#        -I "D:\AA\Z-Stack
#        3.0.2\Projects\zstack\HomeAutomation\SampleSwitch\CC2530DB\..\..\..\..\..\Components\mac\include\"
#        -I "D:\AA\Z-Stack
#        3.0.2\Projects\zstack\HomeAutomation\SampleSwitch\CC2530DB\..\..\..\..\..\Components\mac\high_level\"
#        -I "D:\AA\Z-Stack
#        3.0.2\Projects\zstack\HomeAutomation\SampleSwitch\CC2530DB\..\..\..\..\..\Components\mac\low_level\srf04\"
#        -I "D:\AA\Z-Stack
#        3.0.2\Projects\zstack\HomeAutomation\SampleSwitch\CC2530DB\..\..\..\..\..\Components\mac\low_level\srf04\single_chip\"
#        -I "D:\AA\Z-Stack
#        3.0.2\Projects\zstack\HomeAutomation\SampleSwitch\CC2530DB\..\..\..\..\..\Components\mt\"
#        -I "D:\AA\Z-Stack
#        3.0.2\Projects\zstack\HomeAutomation\SampleSwitch\CC2530DB\..\..\..\..\..\Components\osal\include\"
#        -I "D:\AA\Z-Stack
#        3.0.2\Projects\zstack\HomeAutomation\SampleSwitch\CC2530DB\..\..\..\..\..\Components\services\saddr\"
#        -I "D:\AA\Z-Stack
#        3.0.2\Projects\zstack\HomeAutomation\SampleSwitch\CC2530DB\..\..\..\..\..\Components\services\sdata\"
#        -I "D:\AA\Z-Stack
#        3.0.2\Projects\zstack\HomeAutomation\SampleSwitch\CC2530DB\..\..\..\..\..\Components\stack\af\"
#        -I "D:\AA\Z-Stack
#        3.0.2\Projects\zstack\HomeAutomation\SampleSwitch\CC2530DB\..\..\..\..\..\Components\stack\bdb\"
#        -I "D:\AA\Z-Stack
#        3.0.2\Projects\zstack\HomeAutomation\SampleSwitch\CC2530DB\..\..\..\..\..\Components\stack\gp\"
#        -I "D:\AA\Z-Stack
#        3.0.2\Projects\zstack\HomeAutomation\SampleSwitch\CC2530DB\..\..\..\..\..\Components\stack\nwk\"
#        -I "D:\AA\Z-Stack
#        3.0.2\Projects\zstack\HomeAutomation\SampleSwitch\CC2530DB\..\..\..\..\..\Components\stack\sapi\"
#        -I "D:\AA\Z-Stack
#        3.0.2\Projects\zstack\HomeAutomation\SampleSwitch\CC2530DB\..\..\..\..\..\Components\stack\sec\"
#        -I "D:\AA\Z-Stack
#        3.0.2\Projects\zstack\HomeAutomation\SampleSwitch\CC2530DB\..\..\..\..\..\Components\stack\sys\"
#        -I "D:\AA\Z-Stack
#        3.0.2\Projects\zstack\HomeAutomation\SampleSwitch\CC2530DB\..\..\..\..\..\Components\stack\zcl\"
#        -I "D:\AA\Z-Stack
#        3.0.2\Projects\zstack\HomeAutomation\SampleSwitch\CC2530DB\..\..\..\..\..\Components\stack\zdo\"
#        -I "D:\AA\Z-Stack
#        3.0.2\Projects\zstack\HomeAutomation\SampleSwitch\CC2530DB\..\..\..\..\..\Components\zmac\"
#        -I "D:\AA\Z-Stack
#        3.0.2\Projects\zstack\HomeAutomation\SampleSwitch\CC2530DB\..\..\..\..\..\Components\zmac\f8w\"
#        -On --require_prototypes --no_cse --no_unroll --no_inline
#        --no_code_motion --no_tbaa --no_cross_call)
#    Locale             =  Chinese (Simplified)_CHN.936
#    List file          =  
#        D:\AA\Z-Stack
#        3.0.2\Projects\zstack\HomeAutomation\SampleSwitch\CC2530DB\EndDeviceEB\List\ZMain.lst
#    Object file        =  
#        D:\AA\Z-Stack
#        3.0.2\Projects\zstack\HomeAutomation\SampleSwitch\CC2530DB\EndDeviceEB\Obj\ZMain.r51
#
###############################################################################

D:\AA\Z-Stack 3.0.2\Projects\zstack\ZMain\TI2530DB\ZMain.c
      1          /**************************************************************************************************
      2            Filename:       ZMain.c
      3            Revised:        $Date: 2010-09-17 16:25:30 -0700 (Fri, 17 Sep 2010) $
      4            Revision:       $Revision: 23835 $
      5          
      6            Description:    Startup and shutdown code for ZStack
      7            Notes:          This version targets the Chipcon CC2530
      8          
      9          
     10            Copyright 2005-2010 Texas Instruments Incorporated. All rights reserved.
     11          
     12            IMPORTANT: Your use of this Software is limited to those specific rights
     13            granted under the terms of a software license agreement between the user
     14            who downloaded the software, his/her employer (which must be your employer)
     15            and Texas Instruments Incorporated (the "License").  You may not use this
     16            Software unless you agree to abide by the terms of the License. The License
     17            limits your use, and you acknowledge, that the Software may not be modified,
     18            copied or distributed unless embedded on a Texas Instruments microcontroller
     19            or used solely and exclusively in conjunction with a Texas Instruments radio
     20            frequency transceiver, which is integrated into your product.  Other than for
     21            the foregoing purpose, you may not use, reproduce, copy, prepare derivative
     22            works of, modify, distribute, perform, display or sell this Software and/or
     23            its documentation for any purpose.
     24          
     25            YOU FURTHER ACKNOWLEDGE AND AGREE THAT THE SOFTWARE AND DOCUMENTATION ARE
     26            PROVIDED “AS IS” WITHOUT WARRANTY OF ANY KIND, EITHER EXPRESS OR IMPLIED,
     27            INCLUDING WITHOUT LIMITATION, ANY WARRANTY OF MERCHANTABILITY, TITLE,
     28            NON-INFRINGEMENT AND FITNESS FOR A PARTICULAR PURPOSE. IN NO EVENT SHALL
     29            TEXAS INSTRUMENTS OR ITS LICENSORS BE LIABLE OR OBLIGATED UNDER CONTRACT,
     30            NEGLIGENCE, STRICT LIABILITY, CONTRIBUTION, BREACH OF WARRANTY, OR OTHER
     31            LEGAL EQUITABLE THEORY ANY DIRECT OR INDIRECT DAMAGES OR EXPENSES
     32            INCLUDING BUT NOT LIMITED TO ANY INCIDENTAL, SPECIAL, INDIRECT, PUNITIVE
     33            OR CONSEQUENTIAL DAMAGES, LOST PROFITS OR LOST DATA, COST OF PROCUREMENT
     34            OF SUBSTITUTE GOODS, TECHNOLOGY, SERVICES, OR ANY CLAIMS BY THIRD PARTIES
     35            (INCLUDING BUT NOT LIMITED TO ANY DEFENSE THEREOF), OR OTHER SIMILAR COSTS.
     36          
     37            Should you have any questions regarding your right to use this Software,
     38            contact Texas Instruments Incorporated at www.TI.com.
     39          **************************************************************************************************/
     40          
     41          /*********************************************************************
     42           * INCLUDES
     43           */
     44          
     45          #ifndef NONWK
     46          #include "AF.h"
     47          #endif
     48          #include "hal_adc.h"

   \                                 In  segment SFR_AN, at 0x80
   \   union <unnamed> volatile __sfr _A_P0
   \                     _A_P0:
   \   000000                DS 1

   \                                 In  segment SFR_AN, at 0x8f
   \   unsigned char volatile __sfr P0INP
   \                     P0INP:
   \   000000                DS 1

   \                                 In  segment SFR_AN, at 0x90
   \   union <unnamed> volatile __sfr _A_P1
   \                     _A_P1:
   \   000000                DS 1

   \                                 In  segment SFR_AN, at 0x9d
   \   unsigned char volatile __sfr SLEEPSTA
   \                     SLEEPSTA:
   \   000000                DS 1

   \                                 In  segment SFR_AN, at 0x9e
   \   unsigned char volatile __sfr CLKCONSTA
   \                     CLKCONSTA:
   \   000000                DS 1

   \                                 In  segment SFR_AN, at 0xbe
   \   unsigned char volatile __sfr SLEEPCMD
   \                     SLEEPCMD:
   \   000000                DS 1

   \                                 In  segment SFR_AN, at 0xc6
   \   unsigned char volatile __sfr CLKCONCMD
   \                     CLKCONCMD:
   \   000000                DS 1

   \                                 In  segment SFR_AN, at 0xfd
   \   unsigned char volatile __sfr P0DIR
   \                     P0DIR:
   \   000000                DS 1

   \                                 In  segment SFR_AN, at 0xfe
   \   unsigned char volatile __sfr P1DIR
   \                     P1DIR:
   \   000000                DS 1
     49          #include "hal_flash.h"
     50          #include "hal_lcd.h"
     51          #include "hal_led.h"
     52          #include "hal_drivers.h"
     53          #include "OnBoard.h"
     54          #include "OSAL.h"
     55          #include "OSAL_Nv.h"
     56          #include "ZComDef.h"
     57          #include "ZMAC.h"
     58          
     59          /*********************************************************************
     60           * LOCAL FUNCTIONS
     61           */
     62          
     63          static void zmain_ext_addr( void );
     64          #if defined ZCL_KEY_ESTABLISH
     65          static void zmain_cert_init( void );
     66          #endif
     67          static void zmain_dev_info( void );
     68          static void zmain_vdd_check( void );
     69          
     70          #ifdef LCD_SUPPORTED
     71          static void zmain_lcd_init( void );
     72          #endif
     73          
     74          /*********************************************************************
     75           * @fn      main
     76           * @brief   First function called after startup.
     77           * @return  don't care
     78           */

   \                                 In  segment BANKED_CODE, align 1, keep-with-next
     79          int main( void )             
   \                     main:
     80          {
   \   000000                ; Auto size: 0
     81            // Turn off interrupts
     82            osal_int_disable( INTS_ALL );
   \   000000                ; Setup parameters for call to function osal_int_disable
   \   000000   79FF         MOV       R1,#-0x1
   \   000002   12....       LCALL     `??osal_int_disable::?relay`; Banked call to: osal_int_disable
   \   000005   E9           MOV       A,R1
     83          
     84            // Initialization for board related stuff such as LEDs
     85            HAL_BOARD_INIT();
   \   000006   53BEFB       ANL       0xbe,#0xfb
   \                     ??main_0:
   \   000009   E59D         MOV       A,0x9d
   \   00000B   A2E6         MOV       C,0xE0 /* A   */.6
   \   00000D   50FA         JNC       ??main_0
   \   00000F   00           NOP
   \   000010   7E00         MOV       R6,#0x0
   \   000012   7F00         MOV       R7,#0x0
   \                     ??main_1:
   \   000014   C3           CLR       C
   \   000015   EE           MOV       A,R6
   \   000016   94F8         SUBB      A,#-0x8
   \   000018   EF           MOV       A,R7
   \   000019   9401         SUBB      A,#0x1
   \   00001B   5008         JNC       ??main_2
   \   00001D   00           NOP
   \   00001E   0E           INC       R6
   \   00001F   EE           MOV       A,R6
   \   000020   70F2         JNZ       ??main_1
   \   000022   0F           INC       R7
   \   000023   80EF         SJMP      ??main_1
   \                     ??main_2:
   \   000025   75C600       MOV       0xc6,#0x0
   \                     ??main_3:
   \   000028   E59E         MOV       A,0x9e
   \   00002A   70FC         JNZ       ??main_3
   \   00002C   43BE04       ORL       0xbe,#0x4
   \   00002F   906270       MOV       DPTR,#0x6270
   \   000032   7408         MOV       A,#0x8
   \   000034   F0           MOVX      @DPTR,A
   \   000035   C290         CLR       0x90.0
   \   000037   43FE01       ORL       0xfe,#0x1
   \   00003A   C291         CLR       0x90.1
   \   00003C   43FE02       ORL       0xfe,#0x2
   \   00003F   C294         CLR       0x90.4
   \   000041   43FE10       ORL       0xfe,#0x10
   \   000044   C281         CLR       0x80.1
   \   000046   43FD02       ORL       0xfd,#0x2
   \   000049   438F01       ORL       0x8f,#0x1
     86           
     87            // Make sure supply voltage is high enough to run
     88            zmain_vdd_check();
   \   00004C                ; Setup parameters for call to function zmain_vdd_check
   \   00004C   12....       LCALL     `??zmain_vdd_check::?relay`; Banked call to: zmain_vdd_check
     89          
     90            // Initialize board I/O
     91            InitBoard( OB_COLD );
   \   00004F                ; Setup parameters for call to function InitBoard
   \   00004F   7900         MOV       R1,#0x0
   \   000051   12....       LCALL     `??InitBoard::?relay`; Banked call to: InitBoard
     92          
     93            // Initialze HAL drivers
     94            HalDriverInit();
   \   000054                ; Setup parameters for call to function HalDriverInit
   \   000054   12....       LCALL     `??HalDriverInit::?relay`; Banked call to: HalDriverInit
     95          
     96            // Initialize NV System
     97            osal_nv_init( NULL );
   \   000057                ; Setup parameters for call to function osal_nv_init
   \   000057   7A00         MOV       R2,#0x0
   \   000059   7B00         MOV       R3,#0x0
   \   00005B   12....       LCALL     `??osal_nv_init::?relay`; Banked call to: osal_nv_init
     98          
     99            // Initialize the MAC
    100            ZMacInit();
   \   00005E                ; Setup parameters for call to function ZMacInit
   \   00005E   12....       LCALL     `??ZMacInit::?relay`; Banked call to: ZMacInit
   \   000061   E9           MOV       A,R1
    101          
    102            // Determine the extended address
    103            zmain_ext_addr();
   \   000062                ; Setup parameters for call to function zmain_ext_addr
   \   000062   12....       LCALL     `??zmain_ext_addr::?relay`; Banked call to: zmain_ext_addr
    104          
    105          #if defined ZCL_KEY_ESTABLISH
    106            // Initialize the Certicom certificate information.
    107            zmain_cert_init();
    108          #endif
    109          
    110            // Initialize basic NV items
    111            zgInit();
   \   000065                ; Setup parameters for call to function zgInit
   \   000065   12....       LCALL     `??zgInit::?relay`; Banked call to: zgInit
   \   000068   E9           MOV       A,R1
    112          
    113          #ifndef NONWK
    114            // Since the AF isn't a task, call it's initialization routine
    115            afInit();
    116          #endif
    117          
    118            // Initialize the operating system
    119            osal_init_system();
   \   000069                ; Setup parameters for call to function osal_init_system
   \   000069   12....       LCALL     `??osal_init_system::?relay`; Banked call to: osal_init_system
   \   00006C   E9           MOV       A,R1
    120          
    121            // Allow interrupts
    122            osal_int_enable( INTS_ALL );
   \   00006D                ; Setup parameters for call to function osal_int_enable
   \   00006D   79FF         MOV       R1,#-0x1
   \   00006F   12....       LCALL     `??osal_int_enable::?relay`; Banked call to: osal_int_enable
   \   000072   E9           MOV       A,R1
    123          
    124            // Final board initialization
    125            InitBoard( OB_READY );
   \   000073                ; Setup parameters for call to function InitBoard
   \   000073   7902         MOV       R1,#0x2
   \   000075   12....       LCALL     `??InitBoard::?relay`; Banked call to: InitBoard
    126          
    127            // Display information about this device
    128            zmain_dev_info();
   \   000078                ; Setup parameters for call to function zmain_dev_info
   \   000078   12....       LCALL     `??zmain_dev_info::?relay`; Banked call to: zmain_dev_info
    129          
    130            /* Display the device info on the LCD */
    131          #ifdef LCD_SUPPORTED
    132            zmain_lcd_init();
   \   00007B                ; Setup parameters for call to function zmain_lcd_init
   \   00007B   12....       LCALL     `??zmain_lcd_init::?relay`; Banked call to: zmain_lcd_init
    133          #endif
    134          
    135          #ifdef WDT_IN_PM1
    136            /* If WDT is used, this is a good place to enable it. */
    137            WatchDogEnable( WDTIMX );
    138          #endif
    139          
    140            osal_start_system(); // No Return from here
   \   00007E                ; Setup parameters for call to function osal_start_system
   \   00007E   12....       LCALL     `??osal_start_system::?relay`; Banked call to: osal_start_system
    141          
    142            return 0;  // Shouldn't get here.
   \   000081   7A00         MOV       R2,#0x0
   \   000083   7B00         MOV       R3,#0x0
   \   000085   02....       LJMP      ?BRET
   \   000088                REQUIRE SLEEPCMD
   \   000088                REQUIRE SLEEPSTA
   \   000088                REQUIRE CLKCONCMD
   \   000088                REQUIRE CLKCONSTA
   \   000088                REQUIRE _A_P1
   \   000088                REQUIRE P1DIR
   \   000088                REQUIRE _A_P0
   \   000088                REQUIRE P0DIR
   \   000088                REQUIRE P0INP
    143          } // main()
    144          
    145          /*********************************************************************
    146           * @fn      zmain_vdd_check
    147           * @brief   Check if the Vdd is OK to run the processor.
    148           * @return  Return if Vdd is ok; otherwise, flash LED, then reset
    149           *********************************************************************/

   \                                 In  segment BANKED_CODE, align 1, keep-with-next
    150          static void zmain_vdd_check( void )
   \                     zmain_vdd_check:
    151          {
   \   000000   74F7         MOV       A,#-0x9
   \   000002   12....       LCALL     ?BANKED_ENTER_XDATA
   \   000005                ; Saved register size: 9
   \   000005                ; Auto size: 0
    152            uint8 cnt = 16;
   \   000005   7E10         MOV       R6,#0x10
    153            
    154            do {
    155              while (!HalAdcCheckVdd(VDD_MIN_RUN));
   \                     ??zmain_vdd_check_0:
   \   000007                ; Setup parameters for call to function HalAdcCheckVdd
   \   000007   794E         MOV       R1,#0x4e
   \   000009   12....       LCALL     `??HalAdcCheckVdd::?relay`; Banked call to: HalAdcCheckVdd
   \   00000C   E9           MOV       A,R1
   \   00000D   60F8         JZ        ??zmain_vdd_check_0
    156            } while (--cnt);
   \   00000F   1E           DEC       R6
   \   000010   EE           MOV       A,R6
   \   000011   70F4         JNZ       ??zmain_vdd_check_0
    157          }
   \   000013   7F01         MOV       R7,#0x1
   \   000015   02....       LJMP      ?BANKED_LEAVE_XDATA
    158          
    159          /**************************************************************************************************
    160           * @fn          zmain_ext_addr
    161           *
    162           * @brief       Execute a prioritized search for a valid extended address and write the results
    163           *              into the OSAL NV system for use by the system. Temporary address not saved to NV.
    164           *
    165           * input parameters
    166           *
    167           * None.
    168           *
    169           * output parameters
    170           *
    171           * None.
    172           *
    173           * @return      None.
    174           **************************************************************************************************
    175           */

   \                                 In  segment BANKED_CODE, align 1, keep-with-next
    176          static void zmain_ext_addr(void)
   \                     zmain_ext_addr:
    177          {
   \   000000                REQUIRE ?V0
   \   000000                REQUIRE ?V1
   \   000000                REQUIRE ?V2
   \   000000   74F5         MOV       A,#-0xb
   \   000002   12....       LCALL     ?BANKED_ENTER_XDATA
   \   000005                ; Saved register size: 11
   \   000005                ; Auto size: 8
   \   000005   74F8         MOV       A,#-0x8
   \   000007   12....       LCALL     ?ALLOC_XSTACK8
    178            uint8 nullAddr[Z_EXTADDR_LEN] = {0xFF, 0xFF, 0xFF, 0xFF, 0xFF, 0xFF, 0xFF, 0xFF};
   \   00000A   90....       MOV       DPTR,#`?<Constant {255, 255, 255, 255, 255, 255, 255,`
   \   00000D   AC..         MOV       R4,?XSP + 0
   \   00000F   AD..         MOV       R5,?XSP + 1
   \   000011   7408         MOV       A,#0x8
   \   000013   12....       LCALL     ?MOVE_LONG8_XDATA_XDATA
    179            uint8 writeNV = TRUE;
   \   000016   7E01         MOV       R6,#0x1
    180          
    181            // First check whether a non-erased extended address exists in the OSAL NV.
    182            if ((SUCCESS != osal_nv_item_init(ZCD_NV_EXTADDR, Z_EXTADDR_LEN, NULL))  ||
    183                (SUCCESS != osal_nv_read(ZCD_NV_EXTADDR, 0, Z_EXTADDR_LEN, aExtendedAddress)) ||
    184                (osal_memcmp(aExtendedAddress, nullAddr, Z_EXTADDR_LEN)))
   \   000018                ; Setup parameters for call to function osal_nv_item_init
   \   000018   E4           CLR       A
   \   000019   F5..         MOV       ?V0,A
   \   00001B   F5..         MOV       ?V1,A
   \   00001D   78..         MOV       R0,#?V0
   \   00001F   12....       LCALL     ?PUSH_XSTACK_I_TWO
   \   000022   7C08         MOV       R4,#0x8
   \   000024   7D00         MOV       R5,#0x0
   \   000026   7A01         MOV       R2,#0x1
   \   000028   7B00         MOV       R3,#0x0
   \   00002A   12....       LCALL     `??osal_nv_item_init::?relay`; Banked call to: osal_nv_item_init
   \   00002D   7402         MOV       A,#0x2
   \   00002F   12....       LCALL     ?DEALLOC_XSTACK8
   \   000032   E9           MOV       A,R1
   \   000033   7051         JNZ       ??zmain_ext_addr_0
   \   000035                ; Setup parameters for call to function osal_nv_read
   \   000035   75....       MOV       ?V0,#aExtendedAddress & 0xff
   \   000038   75....       MOV       ?V1,#(aExtendedAddress >> 8) & 0xff
   \   00003B   78..         MOV       R0,#?V0
   \   00003D   12....       LCALL     ?PUSH_XSTACK_I_TWO
   \   000040   75..08       MOV       ?V0,#0x8
   \   000043   75..00       MOV       ?V1,#0x0
   \   000046   78..         MOV       R0,#?V0
   \   000048   12....       LCALL     ?PUSH_XSTACK_I_TWO
   \   00004B   7C00         MOV       R4,#0x0
   \   00004D   7D00         MOV       R5,#0x0
   \   00004F   7A01         MOV       R2,#0x1
   \   000051   7B00         MOV       R3,#0x0
   \   000053   12....       LCALL     `??osal_nv_read::?relay`; Banked call to: osal_nv_read
   \   000056   7404         MOV       A,#0x4
   \   000058   12....       LCALL     ?DEALLOC_XSTACK8
   \   00005B   E9           MOV       A,R1
   \   00005C   7028         JNZ       ??zmain_ext_addr_0
   \   00005E                ; Setup parameters for call to function osal_memcmp
   \   00005E   A8..         MOV       R0,?XSP + 0
   \   000060   A9..         MOV       R1,?XSP + 1
   \   000062   88..         MOV       ?V0,R0
   \   000064   89..         MOV       ?V1,R1
   \   000066   75..00       MOV       ?V2,#0x0
   \   000069   78..         MOV       R0,#?V0
   \   00006B   12....       LCALL     ?PUSH_XSTACK_I_THREE
   \   00006E   7C08         MOV       R4,#0x8
   \   000070   7D00         MOV       R5,#0x0
   \   000072   79..         MOV       R1,#aExtendedAddress & 0xff
   \   000074   7A..         MOV       R2,#(aExtendedAddress >> 8) & 0xff
   \   000076   7B00         MOV       R3,#0x0
   \   000078   12....       LCALL     `??osal_memcmp::?relay`; Banked call to: osal_memcmp
   \   00007B   7403         MOV       A,#0x3
   \   00007D   12....       LCALL     ?DEALLOC_XSTACK8
   \   000080   E9           MOV       A,R1
   \   000081   7003         JNZ       $+5
   \   000083   02....       LJMP      ??zmain_ext_addr_1 & 0xFFFF
    185            {
    186              // Attempt to read the extended address from the location on the lock bits page
    187              // where the programming tools know to reserve it.
    188              HalFlashRead(HAL_FLASH_IEEE_PAGE, HAL_FLASH_IEEE_OSET, aExtendedAddress, Z_EXTADDR_LEN);
   \                     ??zmain_ext_addr_0:
   \   000086                ; Setup parameters for call to function HalFlashRead
   \   000086   75..08       MOV       ?V0,#0x8
   \   000089   75..00       MOV       ?V1,#0x0
   \   00008C   78..         MOV       R0,#?V0
   \   00008E   12....       LCALL     ?PUSH_XSTACK_I_TWO
   \   000091   7C..         MOV       R4,#aExtendedAddress & 0xff
   \   000093   7D..         MOV       R5,#(aExtendedAddress >> 8) & 0xff
   \   000095   7AE8         MOV       R2,#-0x18
   \   000097   7B07         MOV       R3,#0x7
   \   000099   797F         MOV       R1,#0x7f
   \   00009B   12....       LCALL     `??HalFlashRead::?relay`; Banked call to: HalFlashRead
   \   00009E   7402         MOV       A,#0x2
   \   0000A0   12....       LCALL     ?DEALLOC_XSTACK8
    189          
    190              if (osal_memcmp(aExtendedAddress, nullAddr, Z_EXTADDR_LEN))
   \   0000A3                ; Setup parameters for call to function osal_memcmp
   \   0000A3   A8..         MOV       R0,?XSP + 0
   \   0000A5   A9..         MOV       R1,?XSP + 1
   \   0000A7   88..         MOV       ?V0,R0
   \   0000A9   89..         MOV       ?V1,R1
   \   0000AB   75..00       MOV       ?V2,#0x0
   \   0000AE   78..         MOV       R0,#?V0
   \   0000B0   12....       LCALL     ?PUSH_XSTACK_I_THREE
   \   0000B3   7C08         MOV       R4,#0x8
   \   0000B5   7D00         MOV       R5,#0x0
   \   0000B7   79..         MOV       R1,#aExtendedAddress & 0xff
   \   0000B9   7A..         MOV       R2,#(aExtendedAddress >> 8) & 0xff
   \   0000BB   7B00         MOV       R3,#0x0
   \   0000BD   12....       LCALL     `??osal_memcmp::?relay`; Banked call to: osal_memcmp
   \   0000C0   7403         MOV       A,#0x3
   \   0000C2   12....       LCALL     ?DEALLOC_XSTACK8
   \   0000C5   E9           MOV       A,R1
   \   0000C6   7003         JNZ       $+5
   \   0000C8   02....       LJMP      ??zmain_ext_addr_2 & 0xFFFF
    191              {
    192                // Attempt to read the extended address from the designated location in the Info Page.
    193                if (!osal_memcmp((uint8 *)(P_INFOPAGE+HAL_INFOP_IEEE_OSET), nullAddr, Z_EXTADDR_LEN))
   \   0000CB                ; Setup parameters for call to function osal_memcmp
   \   0000CB   A8..         MOV       R0,?XSP + 0
   \   0000CD   A9..         MOV       R1,?XSP + 1
   \   0000CF   88..         MOV       ?V0,R0
   \   0000D1   89..         MOV       ?V1,R1
   \   0000D3   75..00       MOV       ?V2,#0x0
   \   0000D6   78..         MOV       R0,#?V0
   \   0000D8   12....       LCALL     ?PUSH_XSTACK_I_THREE
   \   0000DB   7C08         MOV       R4,#0x8
   \   0000DD   7D00         MOV       R5,#0x0
   \   0000DF   790C         MOV       R1,#0xc
   \   0000E1   7A78         MOV       R2,#0x78
   \   0000E3   7B00         MOV       R3,#0x0
   \   0000E5   12....       LCALL     `??osal_memcmp::?relay`; Banked call to: osal_memcmp
   \   0000E8   7403         MOV       A,#0x3
   \   0000EA   12....       LCALL     ?DEALLOC_XSTACK8
   \   0000ED   E9           MOV       A,R1
   \   0000EE   7020         JNZ       ??zmain_ext_addr_3
    194                {
    195                  osal_memcpy(aExtendedAddress, (uint8 *)(P_INFOPAGE+HAL_INFOP_IEEE_OSET), Z_EXTADDR_LEN);
   \   0000F0                ; Setup parameters for call to function osal_memcpy
   \   0000F0   75..0C       MOV       ?V0,#0xc
   \   0000F3   75..78       MOV       ?V1,#0x78
   \   0000F6   75..00       MOV       ?V2,#0x0
   \   0000F9   78..         MOV       R0,#?V0
   \   0000FB   12....       LCALL     ?PUSH_XSTACK_I_THREE
   \   0000FE   7C08         MOV       R4,#0x8
   \   000100   7D00         MOV       R5,#0x0
   \   000102   7A..         MOV       R2,#aExtendedAddress & 0xff
   \   000104   7B..         MOV       R3,#(aExtendedAddress >> 8) & 0xff
   \   000106   12....       LCALL     `??osal_memcpy::?relay`; Banked call to: osal_memcpy
   \   000109   7403         MOV       A,#0x3
   \   00010B   12....       LCALL     ?DEALLOC_XSTACK8
   \   00010E   8065         SJMP      ??zmain_ext_addr_2
    196                }
    197                else  // No valid extended address was found.
    198                {
    199                  uint8 idx;
    200                  
    201          #if !defined ( NV_RESTORE )
    202                  writeNV = FALSE;  // Make this a temporary IEEE address
    203          #endif
    204          
    205                  /* Attempt to create a sufficiently random extended address for expediency.
    206                   * Note: this is only valid/legal in a test environment and
    207                   *       must never be used for a commercial product.
    208                   */
    209                  for (idx = 0; idx < (Z_EXTADDR_LEN - 2);)
   \                     ??zmain_ext_addr_3:
   \   000110   7F00         MOV       R7,#0x0
   \                     ??zmain_ext_addr_4:
   \   000112   EF           MOV       A,R7
   \   000113   C3           CLR       C
   \   000114   9406         SUBB      A,#0x6
   \   000116   503A         JNC       ??zmain_ext_addr_5
    210                  {
    211                    uint16 randy = osal_rand();
   \   000118                ; Setup parameters for call to function osal_rand
   \   000118   12....       LCALL     `??osal_rand::?relay`; Banked call to: osal_rand
   \   00011B   8A..         MOV       ?V0,R2
   \   00011D   8B..         MOV       ?V1,R3
   \   00011F   A8..         MOV       R0,?V0
   \   000121   A9..         MOV       R1,?V1
    212                    aExtendedAddress[idx++] = LO_UINT16(randy);
   \   000123   E8           MOV       A,R0
   \   000124   C0E0         PUSH      A
   \   000126   EF           MOV       A,R7
   \   000127   FA           MOV       R2,A
   \   000128   7B00         MOV       R3,#0x0
   \   00012A   74..         MOV       A,#aExtendedAddress & 0xff
   \   00012C   2A           ADD       A,R2
   \   00012D   F582         MOV       DPL,A
   \   00012F   74..         MOV       A,#(aExtendedAddress >> 8) & 0xff
   \   000131   3B           ADDC      A,R3
   \   000132   F583         MOV       DPH,A
   \   000134   D0E0         POP       A
   \   000136   F0           MOVX      @DPTR,A
   \   000137   0F           INC       R7
    213                    aExtendedAddress[idx++] = HI_UINT16(randy);
   \   000138   E4           CLR       A
   \   000139   C9           XCH       A,R1
   \   00013A   F8           MOV       R0,A
   \   00013B   E8           MOV       A,R0
   \   00013C   C0E0         PUSH      A
   \   00013E   EF           MOV       A,R7
   \   00013F   F8           MOV       R0,A
   \   000140   7900         MOV       R1,#0x0
   \   000142   74..         MOV       A,#aExtendedAddress & 0xff
   \   000144   28           ADD       A,R0
   \   000145   F582         MOV       DPL,A
   \   000147   74..         MOV       A,#(aExtendedAddress >> 8) & 0xff
   \   000149   39           ADDC      A,R1
   \   00014A   F583         MOV       DPH,A
   \   00014C   D0E0         POP       A
   \   00014E   F0           MOVX      @DPTR,A
   \   00014F   0F           INC       R7
   \   000150   80C0         SJMP      ??zmain_ext_addr_4
    214                  }
    215                  // Next-to-MSB identifies ZigBee devicetype.
    216          #if ZG_BUILD_COORDINATOR_TYPE && !ZG_BUILD_JOINING_TYPE
    217                  aExtendedAddress[idx++] = 0x10;
    218          #elif ZG_BUILD_RTRONLY_TYPE
    219                  aExtendedAddress[idx++] = 0x20;
    220          #else
    221                  aExtendedAddress[idx++] = 0x30;
   \                     ??zmain_ext_addr_5:
   \   000152   EF           MOV       A,R7
   \   000153   F8           MOV       R0,A
   \   000154   7900         MOV       R1,#0x0
   \   000156   74..         MOV       A,#aExtendedAddress & 0xff
   \   000158   28           ADD       A,R0
   \   000159   F582         MOV       DPL,A
   \   00015B   74..         MOV       A,#(aExtendedAddress >> 8) & 0xff
   \   00015D   39           ADDC      A,R1
   \   00015E   F583         MOV       DPH,A
   \   000160   7430         MOV       A,#0x30
   \   000162   F0           MOVX      @DPTR,A
   \   000163   0F           INC       R7
    222          #endif
    223                  // MSB has historical signficance.
    224                  aExtendedAddress[idx] = 0xF8;
   \   000164   EF           MOV       A,R7
   \   000165   F8           MOV       R0,A
   \   000166   7900         MOV       R1,#0x0
   \   000168   74..         MOV       A,#aExtendedAddress & 0xff
   \   00016A   28           ADD       A,R0
   \   00016B   F582         MOV       DPL,A
   \   00016D   74..         MOV       A,#(aExtendedAddress >> 8) & 0xff
   \   00016F   39           ADDC      A,R1
   \   000170   F583         MOV       DPH,A
   \   000172   74F8         MOV       A,#-0x8
   \   000174   F0           MOVX      @DPTR,A
    225                }
    226              }
    227          
    228              if (writeNV)
   \                     ??zmain_ext_addr_2:
   \   000175   EE           MOV       A,R6
   \   000176   6027         JZ        ??zmain_ext_addr_1
    229              {
    230                (void)osal_nv_write(ZCD_NV_EXTADDR, 0, Z_EXTADDR_LEN, aExtendedAddress);
   \   000178                ; Setup parameters for call to function osal_nv_write
   \   000178   75....       MOV       ?V0,#aExtendedAddress & 0xff
   \   00017B   75....       MOV       ?V1,#(aExtendedAddress >> 8) & 0xff
   \   00017E   78..         MOV       R0,#?V0
   \   000180   12....       LCALL     ?PUSH_XSTACK_I_TWO
   \   000183   75..08       MOV       ?V0,#0x8
   \   000186   75..00       MOV       ?V1,#0x0
   \   000189   78..         MOV       R0,#?V0
   \   00018B   12....       LCALL     ?PUSH_XSTACK_I_TWO
   \   00018E   7C00         MOV       R4,#0x0
   \   000190   7D00         MOV       R5,#0x0
   \   000192   7A01         MOV       R2,#0x1
   \   000194   7B00         MOV       R3,#0x0
   \   000196   12....       LCALL     `??osal_nv_write::?relay`; Banked call to: osal_nv_write
   \   000199   7404         MOV       A,#0x4
   \   00019B   12....       LCALL     ?DEALLOC_XSTACK8
   \   00019E   E9           MOV       A,R1
    231              }
    232            }
    233          
    234            // Set the MAC PIB extended address according to results from above.
    235            (void)ZMacSetReq(MAC_EXTENDED_ADDRESS, aExtendedAddress);
   \                     ??zmain_ext_addr_1:
   \   00019F                ; Setup parameters for call to function ZMacSetReq
   \   00019F   7A..         MOV       R2,#aExtendedAddress & 0xff
   \   0001A1   7B..         MOV       R3,#(aExtendedAddress >> 8) & 0xff
   \   0001A3   79E2         MOV       R1,#-0x1e
   \   0001A5   12....       LCALL     `??ZMacSetReq::?relay`; Banked call to: ZMacSetReq
   \   0001A8   E9           MOV       A,R1
   \   0001A9   F8           MOV       R0,A
    236          }
   \   0001AA   7408         MOV       A,#0x8
   \   0001AC   12....       LCALL     ?DEALLOC_XSTACK8
   \   0001AF   7F03         MOV       R7,#0x3
   \   0001B1   02....       LJMP      ?BANKED_LEAVE_XDATA
    237          
    238          #if defined ZCL_KEY_ESTABLISH
    239          /**************************************************************************************************
    240           * @fn          zmain_cert_init
    241           *
    242           * @brief       Initialize the Certicom certificate information.
    243           *
    244           * input parameters
    245           *
    246           * None.
    247           *
    248           * output parameters
    249           *
    250           * None.
    251           *
    252           * @return      None.
    253           **************************************************************************************************
    254           */
    255          static void zmain_cert_init(void)
    256          {
    257            uint8 certData[ZCL_KE_IMPLICIT_CERTIFICATE_LEN];
    258            uint8 nullData[ZCL_KE_IMPLICIT_CERTIFICATE_LEN] = {
    259              0xFF, 0xFF, 0xFF, 0xFF, 0xFF, 0xFF, 0xFF, 0xFF,
    260              0xFF, 0xFF, 0xFF, 0xFF, 0xFF, 0xFF, 0xFF, 0xFF,
    261              0xFF, 0xFF, 0xFF, 0xFF, 0xFF, 0xFF, 0xFF, 0xFF,
    262              0xFF, 0xFF, 0xFF, 0xFF, 0xFF, 0xFF, 0xFF, 0xFF,
    263              0xFF, 0xFF, 0xFF, 0xFF, 0xFF, 0xFF, 0xFF, 0xFF,
    264              0xFF, 0xFF, 0xFF, 0xFF, 0xFF, 0xFF, 0xFF, 0xFF
    265            };
    266          
    267            (void)osal_nv_item_init(ZCD_NV_IMPLICIT_CERTIFICATE, ZCL_KE_IMPLICIT_CERTIFICATE_LEN, NULL);
    268            (void)osal_nv_item_init(ZCD_NV_DEVICE_PRIVATE_KEY, ZCL_KE_DEVICE_PRIVATE_KEY_LEN, NULL);
    269          
    270            // First check whether non-null certificate data exists in the OSAL NV. To save on code space,
    271            // just use the ZCD_NV_CA_PUBLIC_KEY as the bellwether for all three.
    272            if ((SUCCESS != osal_nv_item_init(ZCD_NV_CA_PUBLIC_KEY, ZCL_KE_CA_PUBLIC_KEY_LEN, NULL))    ||
    273                (SUCCESS != osal_nv_read(ZCD_NV_CA_PUBLIC_KEY, 0, ZCL_KE_CA_PUBLIC_KEY_LEN, certData))  ||
    274                (osal_memcmp(certData, nullData, ZCL_KE_CA_PUBLIC_KEY_LEN)))
    275            {
    276              // Attempt to read the certificate data from its corresponding location on the lock bits page.
    277              HalFlashRead(HAL_FLASH_IEEE_PAGE, HAL_FLASH_CA_PUBLIC_KEY_OSET, certData,
    278                                                   ZCL_KE_CA_PUBLIC_KEY_LEN);
    279              // If the certificate data is not NULL, use it to update the corresponding NV items.
    280              if (!osal_memcmp(certData, nullData, ZCL_KE_CA_PUBLIC_KEY_LEN))
    281              {
    282                (void)osal_nv_write(ZCD_NV_CA_PUBLIC_KEY, 0, ZCL_KE_CA_PUBLIC_KEY_LEN, certData);
    283                HalFlashRead(HAL_FLASH_IEEE_PAGE, HAL_FLASH_IMPLICIT_CERT_OSET, certData,
    284                                                     ZCL_KE_IMPLICIT_CERTIFICATE_LEN);
    285                (void)osal_nv_write(ZCD_NV_IMPLICIT_CERTIFICATE, 0,
    286                                    ZCL_KE_IMPLICIT_CERTIFICATE_LEN, certData);
    287                HalFlashRead(HAL_FLASH_IEEE_PAGE, HAL_FLASH_DEV_PRIVATE_KEY_OSET, certData,
    288                                                  ZCL_KE_DEVICE_PRIVATE_KEY_LEN);
    289                (void)osal_nv_write(ZCD_NV_DEVICE_PRIVATE_KEY, 0, ZCL_KE_DEVICE_PRIVATE_KEY_LEN, certData);
    290              }
    291            }
    292          }
    293          #endif
    294          
    295          /**************************************************************************************************
    296           * @fn          zmain_dev_info
    297           *
    298           * @brief       This displays the IEEE (MSB to LSB) on the LCD.
    299           *
    300           * input parameters
    301           *
    302           * None.
    303           *
    304           * output parameters
    305           *
    306           * None.
    307           *
    308           * @return      None.
    309           **************************************************************************************************
    310           */

   \                                 In  segment BANKED_CODE, align 1, keep-with-next
    311          static void zmain_dev_info(void)
   \                     zmain_dev_info:
    312          {
   \   000000                REQUIRE ?V0
   \   000000                REQUIRE ?V1
   \   000000                REQUIRE ?V2
   \   000000   74F5         MOV       A,#-0xb
   \   000002   12....       LCALL     ?BANKED_ENTER_XDATA
   \   000005                ; Saved register size: 11
   \   000005                ; Auto size: 17
   \   000005   74EF         MOV       A,#-0x11
   \   000007   12....       LCALL     ?ALLOC_XSTACK8
    313          #if defined ( SERIAL_DEBUG_SUPPORTED ) || (defined ( LEGACY_LCD_DEBUG ) && defined (LCD_SUPPORTED))
    314            uint8 i;
    315            uint8 *xad;
    316            uint8 lcd_buf[Z_EXTADDR_LEN*2+1];
    317          
    318            // Display the extended address.
    319            xad = aExtendedAddress + Z_EXTADDR_LEN - 1;
   \   00000A   7E..         MOV       R6,#(aExtendedAddress + 7) & 0xff
   \   00000C   7F..         MOV       R7,#((aExtendedAddress + 7) >> 8) & 0xff
    320          
    321            for (i = 0; i < Z_EXTADDR_LEN*2; xad--)
   \   00000E   75..00       MOV       ?V0,#0x0
   \                     ??zmain_dev_info_0:
   \   000011   E5..         MOV       A,?V0
   \   000013   C3           CLR       C
   \   000014   9410         SUBB      A,#0x10
   \   000016   4003         JC        $+5
   \   000018   02....       LJMP      ??zmain_dev_info_1 & 0xFFFF
    322            {
    323              uint8 ch;
    324              ch = (*xad >> 4) & 0x0F;
   \   00001B   8E82         MOV       DPL,R6
   \   00001D   8F83         MOV       DPH,R7
   \   00001F   E0           MOVX      A,@DPTR
   \   000020   C4           SWAP      A
   \   000021   540F         ANL       A,#0xf
   \   000023   FA           MOV       R2,A
    325              lcd_buf[i++] = ch + (( ch < 10 ) ? '0' : '7');
   \   000024   85....       MOV       ?V1,?V0
   \   000027   7401         MOV       A,#0x1
   \   000029   25..         ADD       A,?V1
   \   00002B   F5..         MOV       ?V0,A
   \   00002D   EA           MOV       A,R2
   \   00002E   C3           CLR       C
   \   00002F   940A         SUBB      A,#0xa
   \   000031   5006         JNC       ??zmain_dev_info_2
   \   000033   7830         MOV       R0,#0x30
   \   000035   7900         MOV       R1,#0x0
   \   000037   8004         SJMP      ??zmain_dev_info_3
   \                     ??zmain_dev_info_2:
   \   000039   7837         MOV       R0,#0x37
   \   00003B   7900         MOV       R1,#0x0
   \                     ??zmain_dev_info_3:
   \   00003D   E8           MOV       A,R0
   \   00003E   2A           ADD       A,R2
   \   00003F   C0E0         PUSH      A
   \   000041   E5..         MOV       A,?V1
   \   000043   F8           MOV       R0,A
   \   000044   7900         MOV       R1,#0x0
   \   000046   85..82       MOV       DPL,?XSP + 0
   \   000049   85..83       MOV       DPH,?XSP + 1
   \   00004C   E582         MOV       A,DPL
   \   00004E   28           ADD       A,R0
   \   00004F   F582         MOV       DPL,A
   \   000051   E583         MOV       A,DPH
   \   000053   39           ADDC      A,R1
   \   000054   F583         MOV       DPH,A
   \   000056   D0E0         POP       A
   \   000058   F0           MOVX      @DPTR,A
    326              ch = *xad & 0x0F;
   \   000059   8E82         MOV       DPL,R6
   \   00005B   8F83         MOV       DPH,R7
   \   00005D   E0           MOVX      A,@DPTR
   \   00005E   540F         ANL       A,#0xf
   \   000060   FA           MOV       R2,A
    327              lcd_buf[i++] = ch + (( ch < 10 ) ? '0' : '7');
   \   000061   85....       MOV       ?V2,?V0
   \   000064   7401         MOV       A,#0x1
   \   000066   25..         ADD       A,?V2
   \   000068   F5..         MOV       ?V0,A
   \   00006A   EA           MOV       A,R2
   \   00006B   C3           CLR       C
   \   00006C   940A         SUBB      A,#0xa
   \   00006E   5006         JNC       ??zmain_dev_info_4
   \   000070   7830         MOV       R0,#0x30
   \   000072   7900         MOV       R1,#0x0
   \   000074   8004         SJMP      ??zmain_dev_info_5
   \                     ??zmain_dev_info_4:
   \   000076   7837         MOV       R0,#0x37
   \   000078   7900         MOV       R1,#0x0
   \                     ??zmain_dev_info_5:
   \   00007A   E8           MOV       A,R0
   \   00007B   2A           ADD       A,R2
   \   00007C   C0E0         PUSH      A
   \   00007E   E5..         MOV       A,?V2
   \   000080   F8           MOV       R0,A
   \   000081   7900         MOV       R1,#0x0
   \   000083   85..82       MOV       DPL,?XSP + 0
   \   000086   85..83       MOV       DPH,?XSP + 1
   \   000089   E582         MOV       A,DPL
   \   00008B   28           ADD       A,R0
   \   00008C   F582         MOV       DPL,A
   \   00008E   E583         MOV       A,DPH
   \   000090   39           ADDC      A,R1
   \   000091   F583         MOV       DPH,A
   \   000093   D0E0         POP       A
   \   000095   F0           MOVX      @DPTR,A
    328            }
   \   000096   EE           MOV       A,R6
   \   000097   24FF         ADD       A,#-0x1
   \   000099   F8           MOV       R0,A
   \   00009A   EF           MOV       A,R7
   \   00009B   34FF         ADDC      A,#-0x1
   \   00009D   F9           MOV       R1,A
   \   00009E   E8           MOV       A,R0
   \   00009F   FE           MOV       R6,A
   \   0000A0   E9           MOV       A,R1
   \   0000A1   FF           MOV       R7,A
   \   0000A2   02....       LJMP      ??zmain_dev_info_0 & 0xFFFF
    329            lcd_buf[Z_EXTADDR_LEN*2] = '\0';
   \                     ??zmain_dev_info_1:
   \   0000A5   7410         MOV       A,#0x10
   \   0000A7   12....       LCALL     ?XSTACK_DISP0_8
   \   0000AA   7400         MOV       A,#0x0
   \   0000AC   F0           MOVX      @DPTR,A
    330            HalLcdWriteString( "IEEE: ", HAL_LCD_DEBUG_LINE_1 );
   \   0000AD                ; Setup parameters for call to function HalLcdWriteString
   \   0000AD   79FF         MOV       R1,#-0x1
   \   0000AF   7A..         MOV       R2,#`?<Constant "IEEE: ">` & 0xff
   \   0000B1   7B..         MOV       R3,#(`?<Constant "IEEE: ">` >> 8) & 0xff
   \   0000B3   12....       LCALL     `??HalLcdWriteString::?relay`; Banked call to: HalLcdWriteString
    331            HalLcdWriteString( (char*)lcd_buf, HAL_LCD_DEBUG_LINE_2 );
   \   0000B6                ; Setup parameters for call to function HalLcdWriteString
   \   0000B6   79FF         MOV       R1,#-0x1
   \   0000B8   AA..         MOV       R2,?XSP + 0
   \   0000BA   AB..         MOV       R3,?XSP + 1
   \   0000BC   12....       LCALL     `??HalLcdWriteString::?relay`; Banked call to: HalLcdWriteString
    332          #endif
    333          }
   \   0000BF   7411         MOV       A,#0x11
   \   0000C1   12....       LCALL     ?DEALLOC_XSTACK8
   \   0000C4   7F03         MOV       R7,#0x3
   \   0000C6   02....       LJMP      ?BANKED_LEAVE_XDATA
    334          
    335          #ifdef LCD_SUPPORTED
    336          /*********************************************************************
    337           * @fn      zmain_lcd_init
    338           * @brief   Initialize LCD at start up.
    339           * @return  none
    340           *********************************************************************/

   \                                 In  segment BANKED_CODE, align 1, keep-with-next
    341          static void zmain_lcd_init ( void )
   \                     zmain_lcd_init:
    342          {
   \   000000   C082         PUSH      DPL
   \   000002   C083         PUSH      DPH
   \   000004                ; Saved register size: 2
   \   000004                ; Auto size: 0
    343          #ifdef SERIAL_DEBUG_SUPPORTED
    344            {
    345              HalLcdWriteString( "TexasInstruments", HAL_LCD_DEBUG_LINE_1 );
   \   000004                ; Setup parameters for call to function HalLcdWriteString
   \   000004   79FF         MOV       R1,#-0x1
   \   000006   7A..         MOV       R2,#`?<Constant "TexasInstruments">` & 0xff
   \   000008   7B..         MOV       R3,#(`?<Constant "TexasInstruments">` >> 8) & 0xff
   \   00000A   12....       LCALL     `??HalLcdWriteString::?relay`; Banked call to: HalLcdWriteString
    346          
    347          #if defined( MT_MAC_FUNC )
    348          #if defined( ZDO_COORDINATOR )
    349                HalLcdWriteString( "MAC-MT Coord", HAL_LCD_DEBUG_LINE_2 );
    350          #else
    351                HalLcdWriteString( "MAC-MT Device", HAL_LCD_DEBUG_LINE_2 );
    352          #endif // ZDO
    353          #elif defined( MT_NWK_FUNC )
    354          #if defined( ZDO_COORDINATOR )
    355                HalLcdWriteString( "NWK Coordinator", HAL_LCD_DEBUG_LINE_2 );
    356          #else
    357                HalLcdWriteString( "NWK Device", HAL_LCD_DEBUG_LINE_2 );
    358          #endif // ZDO
    359          #endif // MT_FUNC
    360            }
    361          #endif // SERIAL_DEBUG_SUPPORTED
    362          }
   \   00000D   D083         POP       DPH
   \   00000F   D082         POP       DPL
   \   000011   02....       LJMP      ?BRET

   \                                 In  segment XDATA_ROM_C, align 1
   \                     `?<Constant {255, 255, 255, 255, 255, 255, 255,`:
   \   000000   FF           DB 255
   \   000001   FF           DB 255
   \   000002   FF           DB 255
   \   000003   FF           DB 255
   \   000004   FF           DB 255
   \   000005   FF           DB 255
   \   000006   FF           DB 255
   \   000007   FF           DB 255

   \                                 In  segment XDATA_ROM_C, align 1
   \                     `?<Constant "IEEE: ">`:
   \   000000   49454545     DB "IEEE: "
   \            3A2000  

   \                                 In  segment XDATA_ROM_C, align 1
   \                     `?<Constant "TexasInstruments">`:
   \   000000   54657861     DB "TexasInstruments"
   \            73496E73
   \            7472756D
   \            656E7473
   \            00      
    363          #endif
    364          
    365          /*********************************************************************
    366          *********************************************************************/

   Maximum stack usage in bytes:

   ISTACK XSTACK Function
   ------ ------ --------
      0      0   main
        0      0   -> HalDriverInit
        0      0   -> InitBoard
        0      0   -> ZMacInit
        0      0   -> osal_init_system
        0      0   -> osal_int_disable
        0      0   -> osal_int_enable
        0      0   -> osal_nv_init
        0      0   -> osal_start_system
        0      0   -> zgInit
        0      0   -> zmain_dev_info
        0      0   -> zmain_ext_addr
        0      0   -> zmain_lcd_init
        0      0   -> zmain_vdd_check
      1     28   zmain_dev_info
        0     28   -> HalLcdWriteString
      1     23   zmain_ext_addr
        0     21   -> HalFlashRead
        0     19   -> ZMacSetReq
        0     22   -> osal_memcmp
        0     22   -> osal_memcpy
        0     21   -> osal_nv_item_init
        0     23   -> osal_nv_read
        0     23   -> osal_nv_write
        0     19   -> osal_rand
      2      0   zmain_lcd_init
        2      0   -> HalLcdWriteString
      0      9   zmain_vdd_check
        0      9   -> HalAdcCheckVdd


   Segment part sizes:

   Bytes  Function/Label
   -----  --------------
       7  ?<Constant "IEEE: ">
      17  ?<Constant "TexasInstruments">
       8  ?<Constant {255, 255, 255, 255, 255, 255, 255,
       1  CLKCONCMD
       1  CLKCONSTA
       1  P0DIR
       1  P0INP
       1  P1DIR
       1  SLEEPCMD
       1  SLEEPSTA
       1  _A_P0
       1  _A_P1
     136  main
     201  zmain_dev_info
     436  zmain_ext_addr
      20  zmain_lcd_init
      24  zmain_vdd_check
      30  -- Other

 
 817 bytes in segment BANKED_CODE
  30 bytes in segment BANK_RELAYS
   9 bytes in segment SFR_AN
  32 bytes in segment XDATA_ROM_C
 
  30 bytes of CODE     memory
  32 bytes of CONST    memory
   0 bytes of DATA     memory (+ 9 bytes shared)
 817 bytes of HUGECODE memory

Errors: none
Warnings: none
